<?xml version="1.0" encoding="UTF-8"?>
<testsuites name="Pastikan User dapat mengakses Pijar Camp Responsive Mobile" time="97.17" tests="3" failures="0" errors="0">
   <testsuite name="Pastikan User dapat mengakses Pijar Camp Responsive Mobile" tests="3" failures="0" errors="0" time="97.17" skipped="0" timestamp="2021-10-28 08:28:39" hostname="ardiansyah - manjaro" id="Test Suites/Pijar Camp/Pastikan User dapat mengakses Pijar Camp Responsive Mobile">
      <properties>
         <property name="deviceName" value=""/>
         <property name="devicePlatform" value=""/>
         <property name="logFolder" value="/home/ardiansyah/Work/pijar-mahir/Reports/20211028_082826/Pijar Camp/Pastikan User dapat mengakses Pijar Camp Responsive Mobile/20211028_082826"/>
         <property name="logFiles" value="/home/ardiansyah/Work/pijar-mahir/Reports/20211028_082826/Pijar Camp/Pastikan User dapat mengakses Pijar Camp Responsive Mobile/20211028_082826/execution0.log"/>
         <property name="attachments" value=""/>
         <property name="hostName" value="ardiansyah - manjaro"/>
         <property name="os" value="Linux 64bit"/>
         <property name="katalonVersion" value="8.1.0.208"/>
         <property name="browser" value="Chrome 94.0.4606.81"/>
         <property name="hostAddress" value="192.168.100.9"/>
         <property name="sessionId" value="f7e6126432f1eb06b64310d73698fdf8"/>
         <property name="seleniumVersion" value="3.141.59"/>
         <property name="proxyInformation" value="ProxyInformation { proxyOption=NO_PROXY, proxyServerType=HTTP, username=, password=********, proxyServerAddress=, proxyServerPort=0, executionList=&quot;&quot;, isApplyToDesiredCapabilities=true }"/>
         <property name="platform" value="Linux"/>
      </properties>
      <testcase name="Test Cases/User/Pijar Camp/Mobile Responsive/Pastikan User dapat mengakses Pijar Camp Sebelum Login Mobile Responsive" time="45.473" classname="Test Cases/User/Pijar Camp/Mobile Responsive/Pastikan User dapat mengakses Pijar Camp Sebelum Login Mobile Responsive" status="PASSED">
         <system-out><![CDATA[2021-10-28 08:28:40 - [TEST_CASE][PASSED] - Test Cases/User/Pijar Camp/Mobile Responsive/Pastikan User dapat mengakses Pijar Camp Sebelum Login Mobile Responsive: Test Cases/User/Pijar Camp/Mobile Responsive/Pastikan User dapat mengakses Pijar Camp Sebelum Login Mobile Responsive

2021-10-28 08:28:40 - [TEST_STEP][PASSED] - callTestCase(findTestCase("CustomKeyword/Oper Browser Mobile"), [:], STOP_ON_FAILURE): Call Test Case 'Test Cases/CustomKeyword/Oper Browser Mobile' successfully

2021-10-28 08:28:40 - [TEST_CASE][PASSED] - Test Cases/CustomKeyword/Oper Browser Mobile: Test Cases/CustomKeyword/Oper Browser Mobile

2021-10-28 08:28:41 - [TEST_STEP][PASSED] - openBrowser(""): Browser is opened with url: ''

2021-10-28 08:28:41 - [MESSAGE][INFO] - Starting 'Chrome' driver

2021-10-28 08:28:41 - [MESSAGE][INFO] - Action delay is set to 0 milliseconds

2021-10-28 08:28:44 - [MESSAGE][PASSED] - Browser is opened with url: ''

2021-10-28 08:28:44 - [MESSAGE][PASSED] - Call Test Case 'Test Cases/CustomKeyword/Oper Browser Mobile' successfully

2021-10-28 08:28:44 - [TEST_STEP][PASSED] - callTestCase(findTestCase("CustomKeyword/Negative to URL"), [:], STOP_ON_FAILURE): Call Test Case 'Test Cases/CustomKeyword/Negative to URL' successfully

2021-10-28 08:28:44 - [TEST_CASE][PASSED] - Test Cases/CustomKeyword/Negative to URL: Test Cases/CustomKeyword/Negative to URL

2021-10-28 08:28:44 - [TEST_STEP][PASSED] - navigateToUrl(BASE_URL): Navigate to 'https://dev2.pijarmahir.id' successfully

2021-10-28 08:28:47 - [MESSAGE][PASSED] - Navigate to 'https://dev2.pijarmahir.id' successfully

2021-10-28 08:28:47 - [MESSAGE][PASSED] - Call Test Case 'Test Cases/CustomKeyword/Negative to URL' successfully

2021-10-28 08:28:47 - [TEST_STEP][PASSED] - click(findTestObject("Login/button__z-2 absolute right-0 top-0 bg-white w-10 h-10 flex rounded-full justify-center items-center border-black-300 border-2.5")): Object: 'Object Repository/Login/button__z-2 absolute right-0 top-0 bg-white w-10 h-10 flex rounded-full justify-center items-center border-black-300 border-2.5' is clicked on

2021-10-28 08:28:48 - [MESSAGE][PASSED] - Object: 'Object Repository/Login/button__z-2 absolute right-0 top-0 bg-white w-10 h-10 flex rounded-full justify-center items-center border-black-300 border-2.5' is clicked on

2021-10-28 08:28:48 - [TEST_STEP][PASSED] - focus(findTestObject("Pijar Camp/Top Pijar Camp/button_Pijar Camp")): Object: 'Object Repository/Pijar Camp/Top Pijar Camp/button_Pijar Camp' is focused

2021-10-28 08:28:49 - [MESSAGE][PASSED] - Object: 'Object Repository/Pijar Camp/Top Pijar Camp/button_Pijar Camp' is focused

2021-10-28 08:28:49 - [TEST_STEP][PASSED] - click(findTestObject("Pijar Camp/Top Pijar Camp/button_Kunjungi Pijar Camp")): Object: 'Object Repository/Pijar Camp/Top Pijar Camp/button_Kunjungi Pijar Camp' is clicked on

2021-10-28 08:28:52 - [MESSAGE][PASSED] - Object: 'Object Repository/Pijar Camp/Top Pijar Camp/button_Kunjungi Pijar Camp' is clicked on

2021-10-28 08:28:52 - [TEST_STEP][PASSED] - scrollToElement(findTestObject("Pijar Camp/Page_Pijar Camp/h3_Mulai Karir  Teknologi Bersama  Pijar Camp"), 10): Scroll to object 'Object Repository/Pijar Camp/Page_Pijar Camp/h3_Mulai Karir  Teknologi Bersama  Pijar Camp' successfully

2021-10-28 08:28:53 - [MESSAGE][PASSED] - Scroll to object 'Object Repository/Pijar Camp/Page_Pijar Camp/h3_Mulai Karir  Teknologi Bersama  Pijar Camp' successfully

2021-10-28 08:28:53 - [TEST_STEP][PASSED] - delay(5): Delayed 5 second(s)

2021-10-28 08:28:58 - [MESSAGE][PASSED] - Delayed 5 second(s)

2021-10-28 08:28:58 - [TEST_STEP][PASSED] - scrollToElement(findTestObject("Pijar Camp/Page_Pijar Camp/p_TENTANG PIJAR CAMP"), 10): Scroll to object 'Object Repository/Pijar Camp/Page_Pijar Camp/p_TENTANG PIJAR CAMP' successfully

2021-10-28 08:28:58 - [MESSAGE][PASSED] - Scroll to object 'Object Repository/Pijar Camp/Page_Pijar Camp/p_TENTANG PIJAR CAMP' successfully

2021-10-28 08:28:58 - [TEST_STEP][PASSED] - delay(5): Delayed 5 second(s)

2021-10-28 08:29:03 - [MESSAGE][PASSED] - Delayed 5 second(s)

2021-10-28 08:29:03 - [TEST_STEP][PASSED] - scrollToElement(findTestObject("Pijar Camp/Page_Pijar Camp/p_KEUNTUNGAN GABUNG PIJAR CAMP"), 10): Scroll to object 'Object Repository/Pijar Camp/Page_Pijar Camp/p_KEUNTUNGAN GABUNG PIJAR CAMP' successfully

2021-10-28 08:29:03 - [MESSAGE][PASSED] - Scroll to object 'Object Repository/Pijar Camp/Page_Pijar Camp/p_KEUNTUNGAN GABUNG PIJAR CAMP' successfully

2021-10-28 08:29:03 - [TEST_STEP][PASSED] - delay(5): Delayed 5 second(s)

2021-10-28 08:29:08 - [MESSAGE][PASSED] - Delayed 5 second(s)

2021-10-28 08:29:08 - [TEST_STEP][PASSED] - scrollToElement(findTestObject("Pijar Camp/Page_Pijar Camp/p_TENTANG PROGRAM PIJAR CAMP"), 10): Scroll to object 'Object Repository/Pijar Camp/Page_Pijar Camp/p_TENTANG PROGRAM PIJAR CAMP' successfully

2021-10-28 08:29:09 - [MESSAGE][PASSED] - Scroll to object 'Object Repository/Pijar Camp/Page_Pijar Camp/p_TENTANG PROGRAM PIJAR CAMP' successfully

2021-10-28 08:29:09 - [TEST_STEP][PASSED] - delay(5): Delayed 5 second(s)

2021-10-28 08:29:14 - [MESSAGE][PASSED] - Delayed 5 second(s)

2021-10-28 08:29:14 - [TEST_STEP][PASSED] - scrollToElement(findTestObject("Pijar Camp/Page_Pijar Camp/p_TESTIMONI ALUMNI"), 10): Scroll to object 'Object Repository/Pijar Camp/Page_Pijar Camp/p_TESTIMONI ALUMNI' successfully

2021-10-28 08:29:14 - [MESSAGE][PASSED] - Scroll to object 'Object Repository/Pijar Camp/Page_Pijar Camp/p_TESTIMONI ALUMNI' successfully

2021-10-28 08:29:14 - [TEST_STEP][PASSED] - delay(5): Delayed 5 second(s)

2021-10-28 08:29:19 - [MESSAGE][PASSED] - Delayed 5 second(s)

2021-10-28 08:29:19 - [TEST_STEP][PASSED] - scrollToElement(findTestObject("Pijar Camp/Page_Pijar Camp/p_Mulai Karirmu Bersama Pijar Camp"), 10): Scroll to object 'Object Repository/Pijar Camp/Page_Pijar Camp/p_Mulai Karirmu Bersama Pijar Camp' successfully

2021-10-28 08:29:20 - [MESSAGE][PASSED] - Scroll to object 'Object Repository/Pijar Camp/Page_Pijar Camp/p_Mulai Karirmu Bersama Pijar Camp' successfully

2021-10-28 08:29:20 - [TEST_STEP][PASSED] - delay(5): Delayed 5 second(s)

2021-10-28 08:29:25 - [MESSAGE][PASSED] - Delayed 5 second(s)

2021-10-28 08:29:25 - [TEST_STEP][PASSED] - scrollToElement(findTestObject("Pijar Camp/Page_Pijar Camp/p_KISAH SUKSES"), 10): Scroll to object 'Object Repository/Pijar Camp/Page_Pijar Camp/p_KISAH SUKSES' successfully

2021-10-28 08:29:25 - [MESSAGE][PASSED] - Scroll to object 'Object Repository/Pijar Camp/Page_Pijar Camp/p_KISAH SUKSES' successfully]]></system-out>
         <system-err><![CDATA[]]></system-err>
      </testcase>
      <testcase name="Test Cases/User/Login/Positive Case/Pastikan User dapat melakukan Login Mobile Responsive" time="10.012" classname="Test Cases/User/Login/Positive Case/Pastikan User dapat melakukan Login Mobile Responsive" status="PASSED">
         <system-out><![CDATA[2021-10-28 08:29:25 - [TEST_CASE][PASSED] - Test Cases/User/Login/Positive Case/Pastikan User dapat melakukan Login Mobile Responsive: Test Cases/User/Login/Positive Case/Pastikan User dapat melakukan Login Mobile Responsive

2021-10-28 08:29:26 - [TEST_STEP][PASSED] - callTestCase(findTestCase("CustomKeyword/Oper Browser Mobile"), [:], STOP_ON_FAILURE): Call Test Case 'Test Cases/CustomKeyword/Oper Browser Mobile' successfully

2021-10-28 08:29:26 - [TEST_CASE][PASSED] - Test Cases/CustomKeyword/Oper Browser Mobile: Test Cases/CustomKeyword/Oper Browser Mobile

2021-10-28 08:29:26 - [TEST_STEP][PASSED] - openBrowser(""): Browser is opened with url: ''

2021-10-28 08:29:26 - [MESSAGE][WARNING] - A browser is already opened. Closing browser and opening a new one

2021-10-28 08:29:26 - [MESSAGE][INFO] - Starting 'Chrome' driver

2021-10-28 08:29:26 - [MESSAGE][INFO] - Action delay is set to 0 milliseconds

2021-10-28 08:29:28 - [MESSAGE][PASSED] - Browser is opened with url: ''

2021-10-28 08:29:28 - [MESSAGE][PASSED] - Call Test Case 'Test Cases/CustomKeyword/Oper Browser Mobile' successfully

2021-10-28 08:29:28 - [TEST_STEP][PASSED] - callTestCase(findTestCase("CustomKeyword/Negative to URL"), [:], STOP_ON_FAILURE): Call Test Case 'Test Cases/CustomKeyword/Negative to URL' successfully

2021-10-28 08:29:28 - [TEST_CASE][PASSED] - Test Cases/CustomKeyword/Negative to URL: Test Cases/CustomKeyword/Negative to URL

2021-10-28 08:29:28 - [TEST_STEP][PASSED] - navigateToUrl(BASE_URL): Navigate to 'https://dev2.pijarmahir.id' successfully

2021-10-28 08:29:32 - [MESSAGE][PASSED] - Navigate to 'https://dev2.pijarmahir.id' successfully

2021-10-28 08:29:32 - [MESSAGE][PASSED] - Call Test Case 'Test Cases/CustomKeyword/Negative to URL' successfully

2021-10-28 08:29:32 - [TEST_STEP][PASSED] - click(findTestObject("Login/button__z-2 absolute right-0 top-0 bg-white w-10 h-10 flex rounded-full justify-center items-center border-black-300 border-2.5")): Object: 'Object Repository/Login/button__z-2 absolute right-0 top-0 bg-white w-10 h-10 flex rounded-full justify-center items-center border-black-300 border-2.5' is clicked on

2021-10-28 08:29:32 - [MESSAGE][PASSED] - Object: 'Object Repository/Login/button__z-2 absolute right-0 top-0 bg-white w-10 h-10 flex rounded-full justify-center items-center border-black-300 border-2.5' is clicked on

2021-10-28 08:29:32 - [TEST_STEP][PASSED] - click(findTestObject("Login/Page_Pijar Mahir/button_Masuk")): Object: 'Object Repository/Login/Page_Pijar Mahir/button_Masuk' is clicked on

2021-10-28 08:29:33 - [MESSAGE][PASSED] - Object: 'Object Repository/Login/Page_Pijar Mahir/button_Masuk' is clicked on

2021-10-28 08:29:33 - [TEST_STEP][PASSED] - setText(findTestObject("Login/input_Email_email"), username): Text 'fitrianisa@yopmail.com' is set on object 'Object Repository/Login/input_Email_email'

2021-10-28 08:29:34 - [MESSAGE][PASSED] - Text 'fitrianisa@yopmail.com' is set on object 'Object Repository/Login/input_Email_email'

2021-10-28 08:29:34 - [TEST_STEP][PASSED] - setText(findTestObject("Login/input_Password_password"), password): Text '123Abcde' is set on object 'Object Repository/Login/input_Password_password'

2021-10-28 08:29:35 - [MESSAGE][PASSED] - Text '123Abcde' is set on object 'Object Repository/Login/input_Password_password'

2021-10-28 08:29:35 - [TEST_STEP][PASSED] - click(findTestObject("Login/button_Masuk")): Object: 'Object Repository/Login/button_Masuk' is clicked on

2021-10-28 08:29:35 - [MESSAGE][PASSED] - Object: 'Object Repository/Login/button_Masuk' is clicked on]]></system-out>
         <system-err><![CDATA[]]></system-err>
      </testcase>
      <testcase name="Test Cases/User/Pijar Camp/Mobile Responsive/Pastikan User dapat mengakses Pijar Camp Sesudah Login Mobile Responsive" time="40.163" classname="Test Cases/User/Pijar Camp/Mobile Responsive/Pastikan User dapat mengakses Pijar Camp Sesudah Login Mobile Responsive" status="PASSED">
         <system-out><![CDATA[2021-10-28 08:29:35 - [TEST_CASE][PASSED] - Test Cases/User/Pijar Camp/Mobile Responsive/Pastikan User dapat mengakses Pijar Camp Sesudah Login Mobile Responsive: Test Cases/User/Pijar Camp/Mobile Responsive/Pastikan User dapat mengakses Pijar Camp Sesudah Login Mobile Responsive

2021-10-28 08:29:36 - [TEST_STEP][PASSED] - click(findTestObject("Login/button__z-2 absolute right-0 top-0 bg-white w-10 h-10 flex rounded-full justify-center items-center border-black-300 border-2.5")): Object: 'Object Repository/Login/button__z-2 absolute right-0 top-0 bg-white w-10 h-10 flex rounded-full justify-center items-center border-black-300 border-2.5' is clicked on

2021-10-28 08:29:39 - [MESSAGE][PASSED] - Object: 'Object Repository/Login/button__z-2 absolute right-0 top-0 bg-white w-10 h-10 flex rounded-full justify-center items-center border-black-300 border-2.5' is clicked on

2021-10-28 08:29:39 - [TEST_STEP][PASSED] - focus(findTestObject("Pijar Camp/Top Pijar Camp Login/Page_Pijar Mahir/button_Pijar Camp")): Object: 'Object Repository/Pijar Camp/Top Pijar Camp Login/Page_Pijar Mahir/button_Pijar Camp' is focused

2021-10-28 08:29:39 - [MESSAGE][PASSED] - Object: 'Object Repository/Pijar Camp/Top Pijar Camp Login/Page_Pijar Mahir/button_Pijar Camp' is focused

2021-10-28 08:29:39 - [TEST_STEP][PASSED] - click(findTestObject("Pijar Camp/Top Pijar Camp Login/Page_Pijar Mahir/button_Kunjungi Pijar Camp")): Object: 'Object Repository/Pijar Camp/Top Pijar Camp Login/Page_Pijar Mahir/button_Kunjungi Pijar Camp' is clicked on

2021-10-28 08:29:43 - [MESSAGE][PASSED] - Object: 'Object Repository/Pijar Camp/Top Pijar Camp Login/Page_Pijar Mahir/button_Kunjungi Pijar Camp' is clicked on

2021-10-28 08:29:43 - [TEST_STEP][PASSED] - scrollToElement(findTestObject("Pijar Camp/Page_Pijar Camp/h3_Mulai Karir  Teknologi Bersama  Pijar Camp"), 10): Scroll to object 'Object Repository/Pijar Camp/Page_Pijar Camp/h3_Mulai Karir  Teknologi Bersama  Pijar Camp' successfully

2021-10-28 08:29:43 - [MESSAGE][PASSED] - Scroll to object 'Object Repository/Pijar Camp/Page_Pijar Camp/h3_Mulai Karir  Teknologi Bersama  Pijar Camp' successfully

2021-10-28 08:29:43 - [TEST_STEP][PASSED] - delay(5): Delayed 5 second(s)

2021-10-28 08:29:48 - [MESSAGE][PASSED] - Delayed 5 second(s)

2021-10-28 08:29:48 - [TEST_STEP][PASSED] - scrollToElement(findTestObject("Pijar Camp/Page_Pijar Camp/p_TENTANG PIJAR CAMP"), 10): Scroll to object 'Object Repository/Pijar Camp/Page_Pijar Camp/p_TENTANG PIJAR CAMP' successfully

2021-10-28 08:29:48 - [MESSAGE][PASSED] - Scroll to object 'Object Repository/Pijar Camp/Page_Pijar Camp/p_TENTANG PIJAR CAMP' successfully

2021-10-28 08:29:48 - [TEST_STEP][PASSED] - delay(5): Delayed 5 second(s)

2021-10-28 08:29:53 - [MESSAGE][PASSED] - Delayed 5 second(s)

2021-10-28 08:29:53 - [TEST_STEP][PASSED] - scrollToElement(findTestObject("Pijar Camp/Page_Pijar Camp/p_KEUNTUNGAN GABUNG PIJAR CAMP"), 10): Scroll to object 'Object Repository/Pijar Camp/Page_Pijar Camp/p_KEUNTUNGAN GABUNG PIJAR CAMP' successfully

2021-10-28 08:29:54 - [MESSAGE][PASSED] - Scroll to object 'Object Repository/Pijar Camp/Page_Pijar Camp/p_KEUNTUNGAN GABUNG PIJAR CAMP' successfully

2021-10-28 08:29:54 - [TEST_STEP][PASSED] - delay(5): Delayed 5 second(s)

2021-10-28 08:29:59 - [MESSAGE][PASSED] - Delayed 5 second(s)

2021-10-28 08:29:59 - [TEST_STEP][PASSED] - scrollToElement(findTestObject("Pijar Camp/Page_Pijar Camp/p_TENTANG PROGRAM PIJAR CAMP"), 10): Scroll to object 'Object Repository/Pijar Camp/Page_Pijar Camp/p_TENTANG PROGRAM PIJAR CAMP' successfully

2021-10-28 08:29:59 - [MESSAGE][PASSED] - Scroll to object 'Object Repository/Pijar Camp/Page_Pijar Camp/p_TENTANG PROGRAM PIJAR CAMP' successfully

2021-10-28 08:29:59 - [TEST_STEP][PASSED] - delay(5): Delayed 5 second(s)

2021-10-28 08:30:04 - [MESSAGE][PASSED] - Delayed 5 second(s)

2021-10-28 08:30:04 - [TEST_STEP][PASSED] - scrollToElement(findTestObject("Pijar Camp/Page_Pijar Camp/p_TESTIMONI ALUMNI"), 10): Scroll to object 'Object Repository/Pijar Camp/Page_Pijar Camp/p_TESTIMONI ALUMNI' successfully

2021-10-28 08:30:05 - [MESSAGE][PASSED] - Scroll to object 'Object Repository/Pijar Camp/Page_Pijar Camp/p_TESTIMONI ALUMNI' successfully

2021-10-28 08:30:05 - [TEST_STEP][PASSED] - delay(5): Delayed 5 second(s)

2021-10-28 08:30:10 - [MESSAGE][PASSED] - Delayed 5 second(s)

2021-10-28 08:30:10 - [TEST_STEP][PASSED] - scrollToElement(findTestObject("Pijar Camp/Page_Pijar Camp/p_Mulai Karirmu Bersama Pijar Camp"), 10): Scroll to object 'Object Repository/Pijar Camp/Page_Pijar Camp/p_Mulai Karirmu Bersama Pijar Camp' successfully

2021-10-28 08:30:10 - [MESSAGE][PASSED] - Scroll to object 'Object Repository/Pijar Camp/Page_Pijar Camp/p_Mulai Karirmu Bersama Pijar Camp' successfully

2021-10-28 08:30:10 - [TEST_STEP][PASSED] - delay(5): Delayed 5 second(s)

2021-10-28 08:30:15 - [MESSAGE][PASSED] - Delayed 5 second(s)

2021-10-28 08:30:15 - [TEST_STEP][PASSED] - scrollToElement(findTestObject("Pijar Camp/Page_Pijar Camp/p_KISAH SUKSES"), 10): Scroll to object 'Object Repository/Pijar Camp/Page_Pijar Camp/p_KISAH SUKSES' successfully

2021-10-28 08:30:15 - [MESSAGE][PASSED] - Scroll to object 'Object Repository/Pijar Camp/Page_Pijar Camp/p_KISAH SUKSES' successfully]]></system-out>
         <system-err><![CDATA[]]></system-err>
      </testcase>
      <system-out><![CDATA[2021-10-28 08:28:39 - [TEST_SUITE][PASSED] - Pastikan User dapat mengakses Pijar Camp Responsive Mobile: Test Cases/User/Pijar Camp/Mobile Responsive/Pastikan User dapat mengakses Pijar Camp Sesudah Login Mobile Responsive]]></system-out>
      <system-err><![CDATA[]]></system-err>
   </testsuite>
</testsuites>
