<?xml version="1.0" encoding="UTF-8"?>
<testsuites name="Pastikan User dapat mengakses Wishlist" time="74.067" tests="3" failures="0" errors="0">
   <testsuite name="Pastikan User dapat mengakses Wishlist" tests="3" failures="0" errors="0" time="74.067" skipped="0" timestamp="2022-01-21 14:07:31" hostname="ardiansyah - 192.168.100.92" id="Test Suites/Wishlist/Pastikan User dapat mengakses Wishlist">
      <properties>
         <property name="deviceName" value=""/>
         <property name="devicePlatform" value=""/>
         <property name="logFolder" value="/Users/ardiansyah/Documents/Work/Telkom/PijarMahir/Katalon/GitHub/pijarmahir-automation-web/Reports/20220121_140719/Wishlist/Pastikan User dapat mengakses Wishlist/20220121_140719"/>
         <property name="logFiles" value="/Users/ardiansyah/Documents/Work/Telkom/PijarMahir/Katalon/GitHub/pijarmahir-automation-web/Reports/20220121_140719/Wishlist/Pastikan User dapat mengakses Wishlist/20220121_140719/execution0.log"/>
         <property name="attachments" value=""/>
         <property name="hostName" value="ardiansyah - 192.168.100.92"/>
         <property name="os" value="Mac OS X 64bit"/>
         <property name="katalonVersion" value="8.2.5.208"/>
         <property name="browser" value="Chrome 97.0.4692.99"/>
         <property name="hostAddress" value="192.168.100.92"/>
         <property name="sessionId" value="70d37da8ae320dfc574749098c26effd"/>
         <property name="seleniumVersion" value="3.141.59"/>
         <property name="proxyInformation" value="ProxyInformation { proxyOption=NO_PROXY, proxyServerType=HTTP, username=, password=********, proxyServerAddress=, proxyServerPort=0, executionList=&quot;&quot;, isApplyToDesiredCapabilities=true }"/>
         <property name="platform" value="Mac OS X"/>
      </properties>
      <testcase name="Test Cases/User/Wishlist/Pastikan User Dapat Mengakses Wishlist" time="23.044" classname="Test Cases/User/Wishlist/Pastikan User Dapat Mengakses Wishlist" status="PASSED">
         <system-out><![CDATA[2022-01-21 14:07:31 - [TEST_CASE][PASSED] - Test Cases/User/Wishlist/Pastikan User Dapat Mengakses Wishlist: Test Cases/User/Wishlist/Pastikan User Dapat Mengakses Wishlist

2022-01-21 14:07:32 - [TEST_STEP][PASSED] - callTestCase(findTestCase("User/Login/Positive Case/Pastikan User dapat melakukan Login"), ["username":"fitrianisa@yopmail.com", "password":"123Abcde"], STOP_ON_FAILURE): Call Test Case 'Test Cases/User/Login/Positive Case/Pastikan User dapat melakukan Login' successfully

2022-01-21 14:07:32 - [TEST_CASE][PASSED] - Test Cases/User/Login/Positive Case/Pastikan User dapat melakukan Login: Test Cases/User/Login/Positive Case/Pastikan User dapat melakukan Login

2022-01-21 14:07:32 - [TEST_STEP][PASSED] - callTestCase(findTestCase("CustomKeyword/Open Browser"), [:], STOP_ON_FAILURE): Call Test Case 'Test Cases/CustomKeyword/Open Browser' successfully

2022-01-21 14:07:32 - [TEST_CASE][PASSED] - Test Cases/CustomKeyword/Open Browser: Test Cases/CustomKeyword/Open Browser

2022-01-21 14:07:32 - [TEST_STEP][PASSED] - openBrowser(""): Browser is opened with url: ''

2022-01-21 14:07:33 - [MESSAGE][INFO] - Starting 'Chrome' driver

2022-01-21 14:07:33 - [MESSAGE][INFO] - Action delay is set to 0 milliseconds

2022-01-21 14:07:36 - [MESSAGE][PASSED] - Browser is opened with url: ''

2022-01-21 14:07:36 - [TEST_STEP][PASSED] - maximizeWindow(): Current window maximized

2022-01-21 14:07:36 - [MESSAGE][PASSED] - Current window maximized

2022-01-21 14:07:36 - [MESSAGE][PASSED] - Call Test Case 'Test Cases/CustomKeyword/Open Browser' successfully

2022-01-21 14:07:36 - [TEST_STEP][PASSED] - callTestCase(findTestCase("CustomKeyword/Negative to URL"), [:], STOP_ON_FAILURE): Call Test Case 'Test Cases/CustomKeyword/Negative to URL' successfully

2022-01-21 14:07:36 - [TEST_CASE][PASSED] - Test Cases/CustomKeyword/Negative to URL: Test Cases/CustomKeyword/Negative to URL

2022-01-21 14:07:37 - [TEST_STEP][PASSED] - navigateToUrl(BASE_URL): Navigate to 'https://dev2.pijarmahir.id' successfully

2022-01-21 14:07:45 - [MESSAGE][PASSED] - Navigate to 'https://dev2.pijarmahir.id' successfully

2022-01-21 14:07:45 - [MESSAGE][PASSED] - Call Test Case 'Test Cases/CustomKeyword/Negative to URL' successfully

2022-01-21 14:07:45 - [TEST_STEP][PASSED] - click(findTestObject("Login/button__z-2 absolute right-0 top-0 bg-white w-10 h-10 flex rounded-full justify-center items-center border-black-300 border-2.5")): Object: 'Object Repository/Login/button__z-2 absolute right-0 top-0 bg-white w-10 h-10 flex rounded-full justify-center items-center border-black-300 border-2.5' is clicked on

2022-01-21 14:07:46 - [MESSAGE][PASSED] - Object: 'Object Repository/Login/button__z-2 absolute right-0 top-0 bg-white w-10 h-10 flex rounded-full justify-center items-center border-black-300 border-2.5' is clicked on

2022-01-21 14:07:46 - [TEST_STEP][PASSED] - click(findTestObject("Login/Page_Pijar Mahir/button_Masuk")): Object: 'Object Repository/Login/Page_Pijar Mahir/button_Masuk' is clicked on

2022-01-21 14:07:47 - [MESSAGE][PASSED] - Object: 'Object Repository/Login/Page_Pijar Mahir/button_Masuk' is clicked on

2022-01-21 14:07:47 - [TEST_STEP][PASSED] - setText(findTestObject("Login/input_Email_email"), username): Text 'fitrianisa@yopmail.com' is set on object 'Object Repository/Login/input_Email_email'

2022-01-21 14:07:48 - [MESSAGE][PASSED] - Text 'fitrianisa@yopmail.com' is set on object 'Object Repository/Login/input_Email_email'

2022-01-21 14:07:48 - [TEST_STEP][PASSED] - setText(findTestObject("Login/input_Password_password"), password): Text '123Abcde' is set on object 'Object Repository/Login/input_Password_password'

2022-01-21 14:07:49 - [MESSAGE][PASSED] - Text '123Abcde' is set on object 'Object Repository/Login/input_Password_password'

2022-01-21 14:07:49 - [TEST_STEP][PASSED] - click(findTestObject("Login/button_Masuk")): Object: 'Object Repository/Login/button_Masuk' is clicked on

2022-01-21 14:07:49 - [MESSAGE][PASSED] - Object: 'Object Repository/Login/button_Masuk' is clicked on

2022-01-21 14:07:49 - [MESSAGE][PASSED] - Call Test Case 'Test Cases/User/Login/Positive Case/Pastikan User dapat melakukan Login' successfully

2022-01-21 14:07:49 - [TEST_STEP][PASSED] - focus(findTestObject("Top Bar/Page_Pijar Mahir/button_profile")): Object: 'Object Repository/Top Bar/Page_Pijar Mahir/button_profile' is focused

2022-01-21 14:07:53 - [MESSAGE][PASSED] - Object: 'Object Repository/Top Bar/Page_Pijar Mahir/button_profile' is focused

2022-01-21 14:07:53 - [TEST_STEP][PASSED] - click(findTestObject("Top Bar/Page_Pijar Mahir/span_Wishlist Saya")): Object: 'Object Repository/Top Bar/Page_Pijar Mahir/span_Wishlist Saya' is clicked on

2022-01-21 14:07:54 - [MESSAGE][PASSED] - Object: 'Object Repository/Top Bar/Page_Pijar Mahir/span_Wishlist Saya' is clicked on

2022-01-21 14:07:54 - [TEST_STEP][PASSED] - verifyElementText(findTestObject("Wishlist/Page_Pijar Mahir - Wishlist/h1_Wishlist Saya"), "Wishlist Saya"): Actual text and expected text of test object 'Object Repository/Wishlist/Page_Pijar Mahir - Wishlist/h1_Wishlist Saya' are matched.

2022-01-21 14:07:54 - [MESSAGE][PASSED] - Actual text and expected text of test object 'Object Repository/Wishlist/Page_Pijar Mahir - Wishlist/h1_Wishlist Saya' are matched.]]></system-out>
         <system-err><![CDATA[]]></system-err>
      </testcase>
      <testcase name="Test Cases/User/Wishlist/Pastikan User Dapat Menambah Wistlist di Homepage" time="31.468" classname="Test Cases/User/Wishlist/Pastikan User Dapat Menambah Wistlist di Homepage" status="PASSED">
         <system-out><![CDATA[2022-01-21 14:07:54 - [TEST_CASE][PASSED] - Test Cases/User/Wishlist/Pastikan User Dapat Menambah Wistlist di Homepage: Test Cases/User/Wishlist/Pastikan User Dapat Menambah Wistlist di Homepage

2022-01-21 14:07:55 - [TEST_STEP][PASSED] - callTestCase(findTestCase("User/Login/Positive Case/Pastikan User dapat melakukan Login"), ["username":"fitrianisa@yopmail.com", "password":"123Abcde"], STOP_ON_FAILURE): Call Test Case 'Test Cases/User/Login/Positive Case/Pastikan User dapat melakukan Login' successfully

2022-01-21 14:07:55 - [TEST_CASE][PASSED] - Test Cases/User/Login/Positive Case/Pastikan User dapat melakukan Login: Test Cases/User/Login/Positive Case/Pastikan User dapat melakukan Login

2022-01-21 14:07:55 - [TEST_STEP][PASSED] - callTestCase(findTestCase("CustomKeyword/Open Browser"), [:], STOP_ON_FAILURE): Call Test Case 'Test Cases/CustomKeyword/Open Browser' successfully

2022-01-21 14:07:55 - [TEST_CASE][PASSED] - Test Cases/CustomKeyword/Open Browser: Test Cases/CustomKeyword/Open Browser

2022-01-21 14:07:55 - [TEST_STEP][PASSED] - openBrowser(""): Browser is opened with url: ''

2022-01-21 14:07:55 - [MESSAGE][WARNING] - A browser is already opened. Closing browser and opening a new one

2022-01-21 14:07:55 - [MESSAGE][INFO] - Starting 'Chrome' driver

2022-01-21 14:07:55 - [MESSAGE][INFO] - Action delay is set to 0 milliseconds

2022-01-21 14:07:56 - [MESSAGE][PASSED] - Browser is opened with url: ''

2022-01-21 14:07:56 - [TEST_STEP][PASSED] - maximizeWindow(): Current window maximized

2022-01-21 14:07:57 - [MESSAGE][PASSED] - Current window maximized

2022-01-21 14:07:57 - [MESSAGE][PASSED] - Call Test Case 'Test Cases/CustomKeyword/Open Browser' successfully

2022-01-21 14:07:57 - [TEST_STEP][PASSED] - callTestCase(findTestCase("CustomKeyword/Negative to URL"), [:], STOP_ON_FAILURE): Call Test Case 'Test Cases/CustomKeyword/Negative to URL' successfully

2022-01-21 14:07:57 - [TEST_CASE][PASSED] - Test Cases/CustomKeyword/Negative to URL: Test Cases/CustomKeyword/Negative to URL

2022-01-21 14:07:57 - [TEST_STEP][PASSED] - navigateToUrl(BASE_URL): Navigate to 'https://dev2.pijarmahir.id' successfully

2022-01-21 14:08:02 - [MESSAGE][PASSED] - Navigate to 'https://dev2.pijarmahir.id' successfully

2022-01-21 14:08:02 - [MESSAGE][PASSED] - Call Test Case 'Test Cases/CustomKeyword/Negative to URL' successfully

2022-01-21 14:08:02 - [TEST_STEP][PASSED] - click(findTestObject("Login/button__z-2 absolute right-0 top-0 bg-white w-10 h-10 flex rounded-full justify-center items-center border-black-300 border-2.5")): Object: 'Object Repository/Login/button__z-2 absolute right-0 top-0 bg-white w-10 h-10 flex rounded-full justify-center items-center border-black-300 border-2.5' is clicked on

2022-01-21 14:08:02 - [MESSAGE][PASSED] - Object: 'Object Repository/Login/button__z-2 absolute right-0 top-0 bg-white w-10 h-10 flex rounded-full justify-center items-center border-black-300 border-2.5' is clicked on

2022-01-21 14:08:02 - [TEST_STEP][PASSED] - click(findTestObject("Login/Page_Pijar Mahir/button_Masuk")): Object: 'Object Repository/Login/Page_Pijar Mahir/button_Masuk' is clicked on

2022-01-21 14:08:03 - [MESSAGE][PASSED] - Object: 'Object Repository/Login/Page_Pijar Mahir/button_Masuk' is clicked on

2022-01-21 14:08:03 - [TEST_STEP][PASSED] - setText(findTestObject("Login/input_Email_email"), username): Text 'fitrianisa@yopmail.com' is set on object 'Object Repository/Login/input_Email_email'

2022-01-21 14:08:04 - [MESSAGE][PASSED] - Text 'fitrianisa@yopmail.com' is set on object 'Object Repository/Login/input_Email_email'

2022-01-21 14:08:04 - [TEST_STEP][PASSED] - setText(findTestObject("Login/input_Password_password"), password): Text '123Abcde' is set on object 'Object Repository/Login/input_Password_password'

2022-01-21 14:08:05 - [MESSAGE][PASSED] - Text '123Abcde' is set on object 'Object Repository/Login/input_Password_password'

2022-01-21 14:08:05 - [TEST_STEP][PASSED] - click(findTestObject("Login/button_Masuk")): Object: 'Object Repository/Login/button_Masuk' is clicked on

2022-01-21 14:08:05 - [MESSAGE][PASSED] - Object: 'Object Repository/Login/button_Masuk' is clicked on

2022-01-21 14:08:05 - [MESSAGE][PASSED] - Call Test Case 'Test Cases/User/Login/Positive Case/Pastikan User dapat melakukan Login' successfully

2022-01-21 14:08:05 - [TEST_STEP][PASSED] - verifyElementText(findTestObject("Home Page/Page_Pijar Mahir/h3_Kategori"), "Kategori"): Actual text and expected text of test object 'Object Repository/Home Page/Page_Pijar Mahir/h3_Kategori' are matched.

2022-01-21 14:08:09 - [MESSAGE][PASSED] - Actual text and expected text of test object 'Object Repository/Home Page/Page_Pijar Mahir/h3_Kategori' are matched.

2022-01-21 14:08:09 - [TEST_STEP][PASSED] - scrollToElement(findTestObject("Home Page/Page_Pijar Mahir/h3_Kategori"), 0): Scroll to object 'Object Repository/Home Page/Page_Pijar Mahir/h3_Kategori' successfully

2022-01-21 14:08:09 - [MESSAGE][WARNING] - Timeout '0' is invalid. Using default page load timeout: '30'

2022-01-21 14:08:09 - [MESSAGE][PASSED] - Scroll to object 'Object Repository/Home Page/Page_Pijar Mahir/h3_Kategori' successfully

2022-01-21 14:08:09 - [TEST_STEP][PASSED] - delay(3): Delayed 3 second(s)

2022-01-21 14:08:12 - [MESSAGE][PASSED] - Delayed 3 second(s)

2022-01-21 14:08:12 - [TEST_STEP][PASSED] - verifyElementText(findTestObject("Home Page/Page_Pijar Mahir/Page_Pijar Mahir/h3_Terakhir dicari"), "Terakhir dicari"): Actual text and expected text of test object 'Object Repository/Home Page/Page_Pijar Mahir/Page_Pijar Mahir/h3_Terakhir dicari' are matched.

2022-01-21 14:08:13 - [MESSAGE][PASSED] - Actual text and expected text of test object 'Object Repository/Home Page/Page_Pijar Mahir/Page_Pijar Mahir/h3_Terakhir dicari' are matched.

2022-01-21 14:08:13 - [TEST_STEP][PASSED] - scrollToElement(findTestObject("Home Page/Page_Pijar Mahir/Page_Pijar Mahir/h3_Terakhir dicari"), 0): Scroll to object 'Object Repository/Home Page/Page_Pijar Mahir/Page_Pijar Mahir/h3_Terakhir dicari' successfully

2022-01-21 14:08:13 - [MESSAGE][WARNING] - Timeout '0' is invalid. Using default page load timeout: '30'

2022-01-21 14:08:13 - [MESSAGE][PASSED] - Scroll to object 'Object Repository/Home Page/Page_Pijar Mahir/Page_Pijar Mahir/h3_Terakhir dicari' successfully

2022-01-21 14:08:13 - [TEST_STEP][PASSED] - delay(3): Delayed 3 second(s)

2022-01-21 14:08:16 - [MESSAGE][PASSED] - Delayed 3 second(s)

2022-01-21 14:08:16 - [TEST_STEP][PASSED] - verifyElementText(findTestObject("Home Page/Page_Pijar Mahir/Page_Pijar Mahir/h3_Kelas Terbaik Pijar Mahir"), "Kelas Terbaik Pijar Mahir!"): Actual text and expected text of test object 'Object Repository/Home Page/Page_Pijar Mahir/Page_Pijar Mahir/h3_Kelas Terbaik Pijar Mahir' are matched.

2022-01-21 14:08:17 - [MESSAGE][PASSED] - Actual text and expected text of test object 'Object Repository/Home Page/Page_Pijar Mahir/Page_Pijar Mahir/h3_Kelas Terbaik Pijar Mahir' are matched.

2022-01-21 14:08:17 - [TEST_STEP][PASSED] - scrollToElement(findTestObject("Home Page/Page_Pijar Mahir/Page_Pijar Mahir/h3_Kelas Terbaik Pijar Mahir"), 0): Scroll to object 'Object Repository/Home Page/Page_Pijar Mahir/Page_Pijar Mahir/h3_Kelas Terbaik Pijar Mahir' successfully

2022-01-21 14:08:17 - [MESSAGE][WARNING] - Timeout '0' is invalid. Using default page load timeout: '30'

2022-01-21 14:08:17 - [MESSAGE][PASSED] - Scroll to object 'Object Repository/Home Page/Page_Pijar Mahir/Page_Pijar Mahir/h3_Kelas Terbaik Pijar Mahir' successfully

2022-01-21 14:08:17 - [TEST_STEP][PASSED] - delay(3): Delayed 3 second(s)

2022-01-21 14:08:20 - [MESSAGE][PASSED] - Delayed 3 second(s)

2022-01-21 14:08:20 - [TEST_STEP][PASSED] - verifyElementText(findTestObject("Home Page/Page_Pijar Mahir/Page_Pijar Mahir/h3_Siap Jadi Talenta Digital Terbaik"), "Siap Jadi Talenta Digital Terbaik!"): Actual text and expected text of test object 'Object Repository/Home Page/Page_Pijar Mahir/Page_Pijar Mahir/h3_Siap Jadi Talenta Digital Terbaik' are matched.

2022-01-21 14:08:21 - [MESSAGE][PASSED] - Actual text and expected text of test object 'Object Repository/Home Page/Page_Pijar Mahir/Page_Pijar Mahir/h3_Siap Jadi Talenta Digital Terbaik' are matched.

2022-01-21 14:08:21 - [TEST_STEP][PASSED] - scrollToElement(findTestObject("Home Page/Page_Pijar Mahir/h3_Siap Jadi Talenta Digital Terbaik"), 0): Scroll to object 'Object Repository/Home Page/Page_Pijar Mahir/h3_Siap Jadi Talenta Digital Terbaik' successfully

2022-01-21 14:08:21 - [MESSAGE][WARNING] - Timeout '0' is invalid. Using default page load timeout: '30'

2022-01-21 14:08:21 - [MESSAGE][PASSED] - Scroll to object 'Object Repository/Home Page/Page_Pijar Mahir/h3_Siap Jadi Talenta Digital Terbaik' successfully

2022-01-21 14:08:21 - [TEST_STEP][PASSED] - delay(3): Delayed 3 second(s)

2022-01-21 14:08:24 - [MESSAGE][PASSED] - Delayed 3 second(s)

2022-01-21 14:08:24 - [TEST_STEP][PASSED] - verifyElementText(findTestObject("Home Page/Page_Pijar Mahir/Page_Pijar Mahir/h3_Best Seller (1)"), "Best Seller"): Actual text and expected text of test object 'Object Repository/Home Page/Page_Pijar Mahir/Page_Pijar Mahir/h3_Best Seller (1)' are matched.

2022-01-21 14:08:25 - [MESSAGE][PASSED] - Actual text and expected text of test object 'Object Repository/Home Page/Page_Pijar Mahir/Page_Pijar Mahir/h3_Best Seller (1)' are matched.

2022-01-21 14:08:25 - [TEST_STEP][PASSED] - scrollToElement(findTestObject("Home Page/Page_Pijar Mahir/Page_Pijar Mahir/h3_Best Seller (1)"), 0): Scroll to object 'Object Repository/Home Page/Page_Pijar Mahir/Page_Pijar Mahir/h3_Best Seller (1)' successfully

2022-01-21 14:08:25 - [MESSAGE][WARNING] - Timeout '0' is invalid. Using default page load timeout: '30'

2022-01-21 14:08:25 - [MESSAGE][PASSED] - Scroll to object 'Object Repository/Home Page/Page_Pijar Mahir/Page_Pijar Mahir/h3_Best Seller (1)' successfully

2022-01-21 14:08:25 - [TEST_STEP][PASSED] - delay(0): Delayed 0 second(s)

2022-01-21 14:08:25 - [MESSAGE][PASSED] - Delayed 0 second(s)

2022-01-21 14:08:25 - [TEST_STEP][PASSED] - click(findTestObject("Wishlist/Tambah Wishlist/btn_wishlist_add")): Object: 'Object Repository/Wishlist/Tambah Wishlist/btn_wishlist_add' is clicked on

2022-01-21 14:08:26 - [MESSAGE][PASSED] - Object: 'Object Repository/Wishlist/Tambah Wishlist/btn_wishlist_add' is clicked on]]></system-out>
         <system-err><![CDATA[]]></system-err>
      </testcase>
      <testcase name="Test Cases/User/Wishlist/Pastikan User Dapat Menghapus Wishlist" time="19.069" classname="Test Cases/User/Wishlist/Pastikan User Dapat Menghapus Wishlist" status="PASSED">
         <system-out><![CDATA[2022-01-21 14:08:26 - [TEST_CASE][PASSED] - Test Cases/User/Wishlist/Pastikan User Dapat Menghapus Wishlist: Test Cases/User/Wishlist/Pastikan User Dapat Menghapus Wishlist

2022-01-21 14:08:26 - [TEST_STEP][PASSED] - callTestCase(findTestCase("User/Wishlist/Pastikan User Dapat Mengakses Wishlist"), [:], STOP_ON_FAILURE): Call Test Case 'Test Cases/User/Wishlist/Pastikan User Dapat Mengakses Wishlist' successfully

2022-01-21 14:08:26 - [TEST_CASE][PASSED] - Test Cases/User/Wishlist/Pastikan User Dapat Mengakses Wishlist: Test Cases/User/Wishlist/Pastikan User Dapat Mengakses Wishlist

2022-01-21 14:08:26 - [TEST_STEP][PASSED] - callTestCase(findTestCase("User/Login/Positive Case/Pastikan User dapat melakukan Login"), ["username":"fitrianisa@yopmail.com", "password":"123Abcde"], STOP_ON_FAILURE): Call Test Case 'Test Cases/User/Login/Positive Case/Pastikan User dapat melakukan Login' successfully

2022-01-21 14:08:26 - [TEST_CASE][PASSED] - Test Cases/User/Login/Positive Case/Pastikan User dapat melakukan Login: Test Cases/User/Login/Positive Case/Pastikan User dapat melakukan Login

2022-01-21 14:08:26 - [TEST_STEP][PASSED] - callTestCase(findTestCase("CustomKeyword/Open Browser"), [:], STOP_ON_FAILURE): Call Test Case 'Test Cases/CustomKeyword/Open Browser' successfully

2022-01-21 14:08:26 - [TEST_CASE][PASSED] - Test Cases/CustomKeyword/Open Browser: Test Cases/CustomKeyword/Open Browser

2022-01-21 14:08:26 - [TEST_STEP][PASSED] - openBrowser(""): Browser is opened with url: ''

2022-01-21 14:08:26 - [MESSAGE][WARNING] - A browser is already opened. Closing browser and opening a new one

2022-01-21 14:08:26 - [MESSAGE][INFO] - Starting 'Chrome' driver

2022-01-21 14:08:26 - [MESSAGE][INFO] - Action delay is set to 0 milliseconds

2022-01-21 14:08:28 - [MESSAGE][PASSED] - Browser is opened with url: ''

2022-01-21 14:08:28 - [TEST_STEP][PASSED] - maximizeWindow(): Current window maximized

2022-01-21 14:08:28 - [MESSAGE][PASSED] - Current window maximized

2022-01-21 14:08:28 - [MESSAGE][PASSED] - Call Test Case 'Test Cases/CustomKeyword/Open Browser' successfully

2022-01-21 14:08:28 - [TEST_STEP][PASSED] - callTestCase(findTestCase("CustomKeyword/Negative to URL"), [:], STOP_ON_FAILURE): Call Test Case 'Test Cases/CustomKeyword/Negative to URL' successfully

2022-01-21 14:08:28 - [TEST_CASE][PASSED] - Test Cases/CustomKeyword/Negative to URL: Test Cases/CustomKeyword/Negative to URL

2022-01-21 14:08:28 - [TEST_STEP][PASSED] - navigateToUrl(BASE_URL): Navigate to 'https://dev2.pijarmahir.id' successfully

2022-01-21 14:08:34 - [MESSAGE][PASSED] - Navigate to 'https://dev2.pijarmahir.id' successfully

2022-01-21 14:08:34 - [MESSAGE][PASSED] - Call Test Case 'Test Cases/CustomKeyword/Negative to URL' successfully

2022-01-21 14:08:34 - [TEST_STEP][PASSED] - click(findTestObject("Login/button__z-2 absolute right-0 top-0 bg-white w-10 h-10 flex rounded-full justify-center items-center border-black-300 border-2.5")): Object: 'Object Repository/Login/button__z-2 absolute right-0 top-0 bg-white w-10 h-10 flex rounded-full justify-center items-center border-black-300 border-2.5' is clicked on

2022-01-21 14:08:35 - [MESSAGE][PASSED] - Object: 'Object Repository/Login/button__z-2 absolute right-0 top-0 bg-white w-10 h-10 flex rounded-full justify-center items-center border-black-300 border-2.5' is clicked on

2022-01-21 14:08:35 - [TEST_STEP][PASSED] - click(findTestObject("Login/Page_Pijar Mahir/button_Masuk")): Object: 'Object Repository/Login/Page_Pijar Mahir/button_Masuk' is clicked on

2022-01-21 14:08:36 - [MESSAGE][PASSED] - Object: 'Object Repository/Login/Page_Pijar Mahir/button_Masuk' is clicked on

2022-01-21 14:08:36 - [TEST_STEP][PASSED] - setText(findTestObject("Login/input_Email_email"), username): Text 'fitrianisa@yopmail.com' is set on object 'Object Repository/Login/input_Email_email'

2022-01-21 14:08:37 - [MESSAGE][PASSED] - Text 'fitrianisa@yopmail.com' is set on object 'Object Repository/Login/input_Email_email'

2022-01-21 14:08:37 - [TEST_STEP][PASSED] - setText(findTestObject("Login/input_Password_password"), password): Text '123Abcde' is set on object 'Object Repository/Login/input_Password_password'

2022-01-21 14:08:38 - [MESSAGE][PASSED] - Text '123Abcde' is set on object 'Object Repository/Login/input_Password_password'

2022-01-21 14:08:38 - [TEST_STEP][PASSED] - click(findTestObject("Login/button_Masuk")): Object: 'Object Repository/Login/button_Masuk' is clicked on

2022-01-21 14:08:38 - [MESSAGE][PASSED] - Object: 'Object Repository/Login/button_Masuk' is clicked on

2022-01-21 14:08:38 - [MESSAGE][PASSED] - Call Test Case 'Test Cases/User/Login/Positive Case/Pastikan User dapat melakukan Login' successfully

2022-01-21 14:08:38 - [TEST_STEP][PASSED] - focus(findTestObject("Top Bar/Page_Pijar Mahir/button_profile")): Object: 'Object Repository/Top Bar/Page_Pijar Mahir/button_profile' is focused

2022-01-21 14:08:42 - [MESSAGE][PASSED] - Object: 'Object Repository/Top Bar/Page_Pijar Mahir/button_profile' is focused

2022-01-21 14:08:42 - [TEST_STEP][PASSED] - click(findTestObject("Top Bar/Page_Pijar Mahir/span_Wishlist Saya")): Object: 'Object Repository/Top Bar/Page_Pijar Mahir/span_Wishlist Saya' is clicked on

2022-01-21 14:08:43 - [MESSAGE][PASSED] - Object: 'Object Repository/Top Bar/Page_Pijar Mahir/span_Wishlist Saya' is clicked on

2022-01-21 14:08:43 - [TEST_STEP][PASSED] - verifyElementText(findTestObject("Wishlist/Page_Pijar Mahir - Wishlist/h1_Wishlist Saya"), "Wishlist Saya"): Actual text and expected text of test object 'Object Repository/Wishlist/Page_Pijar Mahir - Wishlist/h1_Wishlist Saya' are matched.

2022-01-21 14:08:43 - [MESSAGE][PASSED] - Actual text and expected text of test object 'Object Repository/Wishlist/Page_Pijar Mahir - Wishlist/h1_Wishlist Saya' are matched.

2022-01-21 14:08:43 - [MESSAGE][PASSED] - Call Test Case 'Test Cases/User/Wishlist/Pastikan User Dapat Mengakses Wishlist' successfully

2022-01-21 14:08:43 - [TEST_STEP][PASSED] - click(findTestObject("Wishlist/Page_Pijar Mahir - Wishlist/btn_hapus_wishlist")): Object: 'Object Repository/Wishlist/Page_Pijar Mahir - Wishlist/btn_hapus_wishlist' is clicked on

2022-01-21 14:08:44 - [MESSAGE][PASSED] - Object: 'Object Repository/Wishlist/Page_Pijar Mahir - Wishlist/btn_hapus_wishlist' is clicked on

2022-01-21 14:08:44 - [TEST_STEP][PASSED] - verifyElementText(findTestObject("Wishlist/Page_Pijar Mahir - Wishlist/p_Kamu yakin mau hapus kursus ini"), "Kamu yakin mau hapus kursus ini?"): Actual text and expected text of test object 'Object Repository/Wishlist/Page_Pijar Mahir - Wishlist/p_Kamu yakin mau hapus kursus ini' are matched.

2022-01-21 14:08:44 - [MESSAGE][PASSED] - Actual text and expected text of test object 'Object Repository/Wishlist/Page_Pijar Mahir - Wishlist/p_Kamu yakin mau hapus kursus ini' are matched.

2022-01-21 14:08:44 - [TEST_STEP][PASSED] - click(findTestObject("Wishlist/Page_Pijar Mahir - Wishlist/button_Hapus")): Object: 'Object Repository/Wishlist/Page_Pijar Mahir - Wishlist/button_Hapus' is clicked on

2022-01-21 14:08:45 - [MESSAGE][PASSED] - Object: 'Object Repository/Wishlist/Page_Pijar Mahir - Wishlist/button_Hapus' is clicked on]]></system-out>
         <system-err><![CDATA[]]></system-err>
      </testcase>
      <system-out><![CDATA[2022-01-21 14:07:31 - [TEST_SUITE][PASSED] - Pastikan User dapat mengakses Wishlist: Test Cases/User/Wishlist/Pastikan User Dapat Menghapus Wishlist]]></system-out>
      <system-err><![CDATA[]]></system-err>
   </testsuite>
</testsuites>
