<?xml version="1.0" encoding="UTF-8"?>
<testsuites name="Pastikan user dapat melakukan pencarian data ketika login" time="30.563" tests="1" failures="0" errors="0">
   <testsuite name="Pastikan user dapat melakukan pencarian data ketika login" tests="1" failures="0" errors="0" time="30.563" skipped="0" timestamp="2021-10-15 10:57:05" hostname="ardiansyah - manjaro" id="Test Suites/Search Data/Pastikan user dapat melakukan pencarian data ketika login">
      <properties>
         <property name="deviceName" value=""/>
         <property name="devicePlatform" value=""/>
         <property name="logFolder" value="/home/ardiansyah/Work/Telkom/Pijar Mahir/Katalon/MP Pijar Mahir/Pijar Mahir MP/Reports/20211015_105649/Search Data/Pastikan user dapat melakukan pencarian data ketika login/20211015_105649"/>
         <property name="logFiles" value="/home/ardiansyah/Work/Telkom/Pijar Mahir/Katalon/MP Pijar Mahir/Pijar Mahir MP/Reports/20211015_105649/Search Data/Pastikan user dapat melakukan pencarian data ketika login/20211015_105649/execution0.log"/>
         <property name="attachments" value=""/>
         <property name="hostName" value="ardiansyah - manjaro"/>
         <property name="os" value="Linux 64bit"/>
         <property name="katalonVersion" value="8.1.0.208"/>
         <property name="browser" value="Chrome 94.0.4606.81"/>
         <property name="hostAddress" value="192.168.100.9"/>
         <property name="sessionId" value="3b113297235de402c4de57a018faaaed"/>
         <property name="seleniumVersion" value="3.141.59"/>
         <property name="proxyInformation" value="ProxyInformation { proxyOption=NO_PROXY, proxyServerType=HTTP, username=, password=********, proxyServerAddress=, proxyServerPort=0, executionList=&quot;&quot;, isApplyToDesiredCapabilities=true }"/>
         <property name="platform" value="Linux"/>
      </properties>
      <testcase name="Test Cases/User/Search/Pastikan User dapat mengakses Pecarian data" time="28.42" classname="Test Cases/User/Search/Pastikan User dapat mengakses Pecarian data" status="PASSED">
         <system-out><![CDATA[2021-10-15 10:57:05 - [TEST_CASE][PASSED] - Test Cases/User/Search/Pastikan User dapat mengakses Pecarian data: Test Cases/User/Search/Pastikan User dapat mengakses Pecarian data

2021-10-15 10:57:06 - [TEST_STEP][PASSED] - callTestCase(findTestCase("User/Login/Positive Case/Pastikan User dapat melakukan Login"), ["username":"fitrianisa@yopmail.com", "password":"123Abcde"], STOP_ON_FAILURE): Call Test Case 'Test Cases/User/Login/Positive Case/Pastikan User dapat melakukan Login' successfully

2021-10-15 10:57:06 - [TEST_CASE][PASSED] - Test Cases/User/Login/Positive Case/Pastikan User dapat melakukan Login: Test Cases/User/Login/Positive Case/Pastikan User dapat melakukan Login

2021-10-15 10:57:07 - [TEST_STEP][PASSED] - callTestCase(findTestCase("CustomKeyword/Open Browser"), [:], STOP_ON_FAILURE): Call Test Case 'Test Cases/CustomKeyword/Open Browser' successfully

2021-10-15 10:57:07 - [TEST_CASE][PASSED] - Test Cases/CustomKeyword/Open Browser: Test Cases/CustomKeyword/Open Browser

2021-10-15 10:57:07 - [TEST_STEP][PASSED] - openBrowser(""): Browser is opened with url: ''

2021-10-15 10:57:08 - [MESSAGE][INFO] - Starting 'Chrome' driver

2021-10-15 10:57:08 - [MESSAGE][INFO] - Action delay is set to 0 milliseconds

2021-10-15 10:57:11 - [MESSAGE][PASSED] - Browser is opened with url: ''

2021-10-15 10:57:11 - [TEST_STEP][PASSED] - maximizeWindow(): Current window maximized

2021-10-15 10:57:11 - [MESSAGE][PASSED] - Current window maximized

2021-10-15 10:57:11 - [MESSAGE][PASSED] - Call Test Case 'Test Cases/CustomKeyword/Open Browser' successfully

2021-10-15 10:57:11 - [TEST_STEP][PASSED] - callTestCase(findTestCase("CustomKeyword/Negative to URL"), [:], STOP_ON_FAILURE): Call Test Case 'Test Cases/CustomKeyword/Negative to URL' successfully

2021-10-15 10:57:11 - [TEST_CASE][PASSED] - Test Cases/CustomKeyword/Negative to URL: Test Cases/CustomKeyword/Negative to URL

2021-10-15 10:57:12 - [TEST_STEP][PASSED] - navigateToUrl(BASE_URL): Navigate to 'https://dev2.pijarmahir.id' successfully

2021-10-15 10:57:17 - [MESSAGE][PASSED] - Navigate to 'https://dev2.pijarmahir.id' successfully

2021-10-15 10:57:17 - [MESSAGE][PASSED] - Call Test Case 'Test Cases/CustomKeyword/Negative to URL' successfully

2021-10-15 10:57:17 - [TEST_STEP][PASSED] - delay(3): Delayed 3 second(s)

2021-10-15 10:57:20 - [MESSAGE][PASSED] - Delayed 3 second(s)

2021-10-15 10:57:20 - [TEST_STEP][PASSED] - click(findTestObject("Login/button_X_Modal")): Object: 'Object Repository/Login/button_X_Modal' is clicked on

2021-10-15 10:57:21 - [MESSAGE][PASSED] - Object: 'Object Repository/Login/button_X_Modal' is clicked on

2021-10-15 10:57:21 - [TEST_STEP][PASSED] - click(findTestObject("Login/button_Masuk_hal_login")): Object: 'Object Repository/Login/button_Masuk_hal_login' is clicked on

2021-10-15 10:57:22 - [MESSAGE][PASSED] - Object: 'Object Repository/Login/button_Masuk_hal_login' is clicked on

2021-10-15 10:57:22 - [TEST_STEP][PASSED] - setText(findTestObject("Login/input_Email_email"), username): Text 'fitrianisa@yopmail.com' is set on object 'Object Repository/Login/input_Email_email'

2021-10-15 10:57:23 - [MESSAGE][PASSED] - Text 'fitrianisa@yopmail.com' is set on object 'Object Repository/Login/input_Email_email'

2021-10-15 10:57:23 - [TEST_STEP][PASSED] - setText(findTestObject("Login/input_Password_password"), password): Text '123Abcde' is set on object 'Object Repository/Login/input_Password_password'

2021-10-15 10:57:24 - [MESSAGE][PASSED] - Text '123Abcde' is set on object 'Object Repository/Login/input_Password_password'

2021-10-15 10:57:24 - [TEST_STEP][PASSED] - click(findTestObject("Login/button_Masuk")): Object: 'Object Repository/Login/button_Masuk' is clicked on

2021-10-15 10:57:24 - [MESSAGE][PASSED] - Object: 'Object Repository/Login/button_Masuk' is clicked on

2021-10-15 10:57:24 - [MESSAGE][PASSED] - Call Test Case 'Test Cases/User/Login/Positive Case/Pastikan User dapat melakukan Login' successfully

2021-10-15 10:57:24 - [TEST_STEP][PASSED] - click(findTestObject("Search/input_Kategori_search")): Object: 'Object Repository/Search/input_Kategori_search' is clicked on

2021-10-15 10:57:29 - [MESSAGE][PASSED] - Object: 'Object Repository/Search/input_Kategori_search' is clicked on

2021-10-15 10:57:29 - [TEST_STEP][PASSED] - setText(findTestObject("Search/input_Kategori_search"), "kursus test"): Text 'kursus test' is set on object 'Object Repository/Search/input_Kategori_search'

2021-10-15 10:57:30 - [MESSAGE][PASSED] - Text 'kursus test' is set on object 'Object Repository/Search/input_Kategori_search'

2021-10-15 10:57:30 - [TEST_STEP][PASSED] - click(findTestObject("Search/button_Kategori_w-10 h-full flex justify-center items-center bg-black-200")): Object: 'Object Repository/Search/button_Kategori_w-10 h-full flex justify-center items-center bg-black-200' is clicked on

2021-10-15 10:57:31 - [MESSAGE][PASSED] - Object: 'Object Repository/Search/button_Kategori_w-10 h-full flex justify-center items-center bg-black-200' is clicked on

2021-10-15 10:57:31 - [TEST_STEP][PASSED] - click(findTestObject("Search/Page_Pijar Mahir/img_Kategori_mdmr-12 mr-2 cursor-pointer")): Object: 'Object Repository/Search/Page_Pijar Mahir/img_Kategori_mdmr-12 mr-2 cursor-pointer' is clicked on

2021-10-15 10:57:33 - [MESSAGE][PASSED] - Object: 'Object Repository/Search/Page_Pijar Mahir/img_Kategori_mdmr-12 mr-2 cursor-pointer' is clicked on

2021-10-15 10:57:33 - [TEST_STEP][PASSED] - click(findTestObject("Search/input_Kategori_search")): Object: 'Object Repository/Search/input_Kategori_search' is clicked on

2021-10-15 10:57:34 - [MESSAGE][PASSED] - Object: 'Object Repository/Search/input_Kategori_search' is clicked on]]></system-out>
         <system-err><![CDATA[]]></system-err>
      </testcase>
      <system-out><![CDATA[2021-10-15 10:57:05 - [TEST_SUITE][PASSED] - Pastikan user dapat melakukan pencarian data ketika login: Test Cases/User/Search/Pastikan User dapat mengakses Pecarian data]]></system-out>
      <system-err><![CDATA[]]></system-err>
   </testsuite>
</testsuites>
