<?xml version="1.0" encoding="UTF-8"?>
<testsuites name="Pastikan user dapat melakukan pencarian data" time="41.777" tests="2" failures="0" errors="0">
   <testsuite name="Pastikan user dapat melakukan pencarian data" tests="2" failures="0" errors="0" time="41.777" skipped="0" timestamp="2021-10-18 14:17:39" hostname="ardiansyah - manjaro" id="Test Suites/Search Data/Pastikan user dapat melakukan pencarian data">
      <properties>
         <property name="deviceName" value=""/>
         <property name="devicePlatform" value=""/>
         <property name="logFolder" value="/home/ardiansyah/Work/pijar-mahir/Reports/20211018_141727/Search Data/Pastikan user dapat melakukan pencarian data/20211018_141727"/>
         <property name="logFiles" value="/home/ardiansyah/Work/pijar-mahir/Reports/20211018_141727/Search Data/Pastikan user dapat melakukan pencarian data/20211018_141727/execution0.log"/>
         <property name="attachments" value=""/>
         <property name="hostName" value="ardiansyah - manjaro"/>
         <property name="os" value="Linux 64bit"/>
         <property name="katalonVersion" value="8.1.0.208"/>
         <property name="browser" value="Chrome 94.0.4606.81"/>
         <property name="hostAddress" value="192.168.100.9"/>
         <property name="sessionId" value="850653be74ee78e364a59f549c8597e0"/>
         <property name="seleniumVersion" value="3.141.59"/>
         <property name="proxyInformation" value="ProxyInformation { proxyOption=NO_PROXY, proxyServerType=HTTP, username=, password=********, proxyServerAddress=, proxyServerPort=0, executionList=&quot;&quot;, isApplyToDesiredCapabilities=true }"/>
         <property name="platform" value="Linux"/>
      </properties>
      <testcase name="Test Cases/User/Search/Pastikan User dapat mengakses Pecarian data Ketika Belum Login" time="18.292" classname="Test Cases/User/Search/Pastikan User dapat mengakses Pecarian data Ketika Belum Login" status="PASSED">
         <system-out><![CDATA[2021-10-18 14:17:40 - [TEST_CASE][PASSED] - Test Cases/User/Search/Pastikan User dapat mengakses Pecarian data Ketika Belum Login: Test Cases/User/Search/Pastikan User dapat mengakses Pecarian data Ketika Belum Login

2021-10-18 14:17:40 - [TEST_STEP][PASSED] - callTestCase(findTestCase("CustomKeyword/Open Browser"), [:], STOP_ON_FAILURE): Call Test Case 'Test Cases/CustomKeyword/Open Browser' successfully

2021-10-18 14:17:41 - [TEST_CASE][PASSED] - Test Cases/CustomKeyword/Open Browser: Test Cases/CustomKeyword/Open Browser

2021-10-18 14:17:41 - [TEST_STEP][PASSED] - openBrowser(""): Browser is opened with url: ''

2021-10-18 14:17:41 - [MESSAGE][INFO] - Starting 'Chrome' driver

2021-10-18 14:17:41 - [MESSAGE][INFO] - Action delay is set to 0 milliseconds

2021-10-18 14:17:44 - [MESSAGE][PASSED] - Browser is opened with url: ''

2021-10-18 14:17:44 - [TEST_STEP][PASSED] - maximizeWindow(): Current window maximized

2021-10-18 14:17:44 - [MESSAGE][PASSED] - Current window maximized

2021-10-18 14:17:44 - [MESSAGE][PASSED] - Call Test Case 'Test Cases/CustomKeyword/Open Browser' successfully

2021-10-18 14:17:44 - [TEST_STEP][PASSED] - callTestCase(findTestCase("CustomKeyword/Negative to URL"), [:], STOP_ON_FAILURE): Call Test Case 'Test Cases/CustomKeyword/Negative to URL' successfully

2021-10-18 14:17:44 - [TEST_CASE][PASSED] - Test Cases/CustomKeyword/Negative to URL: Test Cases/CustomKeyword/Negative to URL

2021-10-18 14:17:45 - [TEST_STEP][PASSED] - navigateToUrl(BASE_URL): Navigate to 'https://dev2.pijarmahir.id' successfully

2021-10-18 14:17:48 - [MESSAGE][PASSED] - Navigate to 'https://dev2.pijarmahir.id' successfully

2021-10-18 14:17:48 - [MESSAGE][PASSED] - Call Test Case 'Test Cases/CustomKeyword/Negative to URL' successfully

2021-10-18 14:17:48 - [TEST_STEP][PASSED] - click(findTestObject("Login/button__z-2 absolute right-0 top-0 bg-white w-10 h-10 flex rounded-full justify-center items-center border-black-300 border-2.5")): Object: 'Object Repository/Login/button__z-2 absolute right-0 top-0 bg-white w-10 h-10 flex rounded-full justify-center items-center border-black-300 border-2.5' is clicked on

2021-10-18 14:17:49 - [MESSAGE][PASSED] - Object: 'Object Repository/Login/button__z-2 absolute right-0 top-0 bg-white w-10 h-10 flex rounded-full justify-center items-center border-black-300 border-2.5' is clicked on

2021-10-18 14:17:49 - [TEST_STEP][PASSED] - focus(findTestObject("Search/Page_Pijar Mahir/button_Pijar Camp")): Object: 'Object Repository/Search/Page_Pijar Mahir/button_Pijar Camp' is focused

2021-10-18 14:17:50 - [MESSAGE][PASSED] - Object: 'Object Repository/Search/Page_Pijar Mahir/button_Pijar Camp' is focused

2021-10-18 14:17:50 - [TEST_STEP][PASSED] - click(findTestObject("Search/input_Kategori_search")): Object: 'Object Repository/Search/input_Kategori_search' is clicked on

2021-10-18 14:17:51 - [MESSAGE][PASSED] - Object: 'Object Repository/Search/input_Kategori_search' is clicked on

2021-10-18 14:17:51 - [TEST_STEP][PASSED] - setText(findTestObject("Search/input_Kategori_search"), "Kopi"): Text 'Kopi' is set on object 'Object Repository/Search/input_Kategori_search'

2021-10-18 14:17:52 - [MESSAGE][PASSED] - Text 'Kopi' is set on object 'Object Repository/Search/input_Kategori_search'

2021-10-18 14:17:52 - [TEST_STEP][PASSED] - click(findTestObject("Search/button_Kategori_w-10 h-full flex justify-center items-center bg-black-200")): Object: 'Object Repository/Search/button_Kategori_w-10 h-full flex justify-center items-center bg-black-200' is clicked on

2021-10-18 14:17:53 - [MESSAGE][PASSED] - Object: 'Object Repository/Search/button_Kategori_w-10 h-full flex justify-center items-center bg-black-200' is clicked on

2021-10-18 14:17:53 - [TEST_STEP][PASSED] - click(findTestObject("Search/Page_Pijar Mahir/img_Kategori_mdmr-12 mr-2 cursor-pointer")): Object: 'Object Repository/Search/Page_Pijar Mahir/img_Kategori_mdmr-12 mr-2 cursor-pointer' is clicked on

2021-10-18 14:17:54 - [MESSAGE][PASSED] - Object: 'Object Repository/Search/Page_Pijar Mahir/img_Kategori_mdmr-12 mr-2 cursor-pointer' is clicked on

2021-10-18 14:17:54 - [TEST_STEP][PASSED] - click(findTestObject("Search/input_Kategori_search")): Object: 'Object Repository/Search/input_Kategori_search' is clicked on

2021-10-18 14:17:55 - [MESSAGE][PASSED] - Object: 'Object Repository/Search/input_Kategori_search' is clicked on

2021-10-18 14:17:55 - [TEST_STEP][PASSED] - setText(findTestObject("Search/input_Kategori_search"), "Tips Jago"): Text 'Tips Jago' is set on object 'Object Repository/Search/input_Kategori_search'

2021-10-18 14:17:56 - [MESSAGE][PASSED] - Text 'Tips Jago' is set on object 'Object Repository/Search/input_Kategori_search'

2021-10-18 14:17:56 - [TEST_STEP][PASSED] - click(findTestObject("Search/button_Kategori_w-10 h-full flex justify-center items-center bg-black-200")): Object: 'Object Repository/Search/button_Kategori_w-10 h-full flex justify-center items-center bg-black-200' is clicked on

2021-10-18 14:17:56 - [MESSAGE][PASSED] - Object: 'Object Repository/Search/button_Kategori_w-10 h-full flex justify-center items-center bg-black-200' is clicked on

2021-10-18 14:17:56 - [TEST_STEP][PASSED] - click(findTestObject("Search/Page_Pijar Mahir/img_Kategori_mdmr-12 mr-2 cursor-pointer")): Object: 'Object Repository/Search/Page_Pijar Mahir/img_Kategori_mdmr-12 mr-2 cursor-pointer' is clicked on

2021-10-18 14:17:57 - [MESSAGE][PASSED] - Object: 'Object Repository/Search/Page_Pijar Mahir/img_Kategori_mdmr-12 mr-2 cursor-pointer' is clicked on

2021-10-18 14:17:57 - [TEST_STEP][PASSED] - click(findTestObject("Search/input_Kategori_search")): Object: 'Object Repository/Search/input_Kategori_search' is clicked on

2021-10-18 14:17:58 - [MESSAGE][PASSED] - Object: 'Object Repository/Search/input_Kategori_search' is clicked on]]></system-out>
         <system-err><![CDATA[]]></system-err>
      </testcase>
      <testcase name="Test Cases/User/Search/Pastikan User dapat mengakses Pecarian data Ketika Login" time="22.027" classname="Test Cases/User/Search/Pastikan User dapat mengakses Pecarian data Ketika Login" status="PASSED">
         <system-out><![CDATA[2021-10-18 14:17:58 - [TEST_CASE][PASSED] - Test Cases/User/Search/Pastikan User dapat mengakses Pecarian data Ketika Login: Test Cases/User/Search/Pastikan User dapat mengakses Pecarian data Ketika Login

2021-10-18 14:17:59 - [TEST_STEP][PASSED] - callTestCase(findTestCase("User/Login/Positive Case/Pastikan User dapat melakukan Login"), ["username":"fitrianisa@yopmail.com", "password":"123Abcde"], STOP_ON_FAILURE): Call Test Case 'Test Cases/User/Login/Positive Case/Pastikan User dapat melakukan Login' successfully

2021-10-18 14:17:59 - [TEST_CASE][PASSED] - Test Cases/User/Login/Positive Case/Pastikan User dapat melakukan Login: Test Cases/User/Login/Positive Case/Pastikan User dapat melakukan Login

2021-10-18 14:17:59 - [TEST_STEP][PASSED] - callTestCase(findTestCase("CustomKeyword/Open Browser"), [:], STOP_ON_FAILURE): Call Test Case 'Test Cases/CustomKeyword/Open Browser' successfully

2021-10-18 14:17:59 - [TEST_CASE][PASSED] - Test Cases/CustomKeyword/Open Browser: Test Cases/CustomKeyword/Open Browser

2021-10-18 14:17:59 - [TEST_STEP][PASSED] - openBrowser(""): Browser is opened with url: ''

2021-10-18 14:17:59 - [MESSAGE][WARNING] - A browser is already opened. Closing browser and opening a new one

2021-10-18 14:17:59 - [MESSAGE][INFO] - Starting 'Chrome' driver

2021-10-18 14:17:59 - [MESSAGE][INFO] - Action delay is set to 0 milliseconds

2021-10-18 14:18:01 - [MESSAGE][PASSED] - Browser is opened with url: ''

2021-10-18 14:18:01 - [TEST_STEP][PASSED] - maximizeWindow(): Current window maximized

2021-10-18 14:18:01 - [MESSAGE][PASSED] - Current window maximized

2021-10-18 14:18:01 - [MESSAGE][PASSED] - Call Test Case 'Test Cases/CustomKeyword/Open Browser' successfully

2021-10-18 14:18:01 - [TEST_STEP][PASSED] - callTestCase(findTestCase("CustomKeyword/Negative to URL"), [:], STOP_ON_FAILURE): Call Test Case 'Test Cases/CustomKeyword/Negative to URL' successfully

2021-10-18 14:18:01 - [TEST_CASE][PASSED] - Test Cases/CustomKeyword/Negative to URL: Test Cases/CustomKeyword/Negative to URL

2021-10-18 14:18:01 - [TEST_STEP][PASSED] - navigateToUrl(BASE_URL): Navigate to 'https://dev2.pijarmahir.id' successfully

2021-10-18 14:18:04 - [MESSAGE][PASSED] - Navigate to 'https://dev2.pijarmahir.id' successfully

2021-10-18 14:18:04 - [MESSAGE][PASSED] - Call Test Case 'Test Cases/CustomKeyword/Negative to URL' successfully

2021-10-18 14:18:04 - [TEST_STEP][PASSED] - click(findTestObject("Login/button__z-2 absolute right-0 top-0 bg-white w-10 h-10 flex rounded-full justify-center items-center border-black-300 border-2.5")): Object: 'Object Repository/Login/button__z-2 absolute right-0 top-0 bg-white w-10 h-10 flex rounded-full justify-center items-center border-black-300 border-2.5' is clicked on

2021-10-18 14:18:04 - [MESSAGE][PASSED] - Object: 'Object Repository/Login/button__z-2 absolute right-0 top-0 bg-white w-10 h-10 flex rounded-full justify-center items-center border-black-300 border-2.5' is clicked on

2021-10-18 14:18:04 - [TEST_STEP][PASSED] - click(findTestObject("Login/Page_Pijar Mahir/button_Masuk")): Object: 'Object Repository/Login/Page_Pijar Mahir/button_Masuk' is clicked on

2021-10-18 14:18:05 - [MESSAGE][PASSED] - Object: 'Object Repository/Login/Page_Pijar Mahir/button_Masuk' is clicked on

2021-10-18 14:18:05 - [TEST_STEP][PASSED] - setText(findTestObject("Login/input_Email_email"), username): Text 'fitrianisa@yopmail.com' is set on object 'Object Repository/Login/input_Email_email'

2021-10-18 14:18:07 - [MESSAGE][PASSED] - Text 'fitrianisa@yopmail.com' is set on object 'Object Repository/Login/input_Email_email'

2021-10-18 14:18:07 - [TEST_STEP][PASSED] - setText(findTestObject("Login/input_Password_password"), password): Text '123Abcde' is set on object 'Object Repository/Login/input_Password_password'

2021-10-18 14:18:07 - [MESSAGE][PASSED] - Text '123Abcde' is set on object 'Object Repository/Login/input_Password_password'

2021-10-18 14:18:07 - [TEST_STEP][PASSED] - click(findTestObject("Login/button_Masuk")): Object: 'Object Repository/Login/button_Masuk' is clicked on

2021-10-18 14:18:08 - [MESSAGE][PASSED] - Object: 'Object Repository/Login/button_Masuk' is clicked on

2021-10-18 14:18:08 - [MESSAGE][PASSED] - Call Test Case 'Test Cases/User/Login/Positive Case/Pastikan User dapat melakukan Login' successfully

2021-10-18 14:18:08 - [TEST_STEP][PASSED] - focus(findTestObject("Search/Page_Pijar Mahir/button_Pijar Camp")): Object: 'Object Repository/Search/Page_Pijar Mahir/button_Pijar Camp' is focused

2021-10-18 14:18:11 - [MESSAGE][PASSED] - Object: 'Object Repository/Search/Page_Pijar Mahir/button_Pijar Camp' is focused

2021-10-18 14:18:11 - [TEST_STEP][PASSED] - click(findTestObject("Search/input_Kategori_search")): Object: 'Object Repository/Search/input_Kategori_search' is clicked on

2021-10-18 14:18:11 - [MESSAGE][PASSED] - Object: 'Object Repository/Search/input_Kategori_search' is clicked on

2021-10-18 14:18:11 - [TEST_STEP][PASSED] - setText(findTestObject("Search/input_Kategori_search"), "Kopi"): Text 'Kopi' is set on object 'Object Repository/Search/input_Kategori_search'

2021-10-18 14:18:13 - [MESSAGE][PASSED] - Text 'Kopi' is set on object 'Object Repository/Search/input_Kategori_search'

2021-10-18 14:18:13 - [TEST_STEP][PASSED] - click(findTestObject("Search/button_Kategori_w-10 h-full flex justify-center items-center bg-black-200")): Object: 'Object Repository/Search/button_Kategori_w-10 h-full flex justify-center items-center bg-black-200' is clicked on

2021-10-18 14:18:13 - [MESSAGE][PASSED] - Object: 'Object Repository/Search/button_Kategori_w-10 h-full flex justify-center items-center bg-black-200' is clicked on

2021-10-18 14:18:13 - [TEST_STEP][PASSED] - click(findTestObject("Search/Page_Pijar Mahir/img_Kategori_mdmr-12 mr-2 cursor-pointer")): Object: 'Object Repository/Search/Page_Pijar Mahir/img_Kategori_mdmr-12 mr-2 cursor-pointer' is clicked on

2021-10-18 14:18:15 - [MESSAGE][PASSED] - Object: 'Object Repository/Search/Page_Pijar Mahir/img_Kategori_mdmr-12 mr-2 cursor-pointer' is clicked on

2021-10-18 14:18:15 - [TEST_STEP][PASSED] - click(findTestObject("Search/input_Kategori_search")): Object: 'Object Repository/Search/input_Kategori_search' is clicked on

2021-10-18 14:18:16 - [MESSAGE][PASSED] - Object: 'Object Repository/Search/input_Kategori_search' is clicked on

2021-10-18 14:18:16 - [TEST_STEP][PASSED] - setText(findTestObject("Search/input_Kategori_search"), "Tips Jago"): Text 'Tips Jago' is set on object 'Object Repository/Search/input_Kategori_search'

2021-10-18 14:18:17 - [MESSAGE][PASSED] - Text 'Tips Jago' is set on object 'Object Repository/Search/input_Kategori_search'

2021-10-18 14:18:17 - [TEST_STEP][PASSED] - click(findTestObject("Search/button_Kategori_w-10 h-full flex justify-center items-center bg-black-200")): Object: 'Object Repository/Search/button_Kategori_w-10 h-full flex justify-center items-center bg-black-200' is clicked on

2021-10-18 14:18:18 - [MESSAGE][PASSED] - Object: 'Object Repository/Search/button_Kategori_w-10 h-full flex justify-center items-center bg-black-200' is clicked on

2021-10-18 14:18:18 - [TEST_STEP][PASSED] - click(findTestObject("Search/Page_Pijar Mahir/img_Kategori_mdmr-12 mr-2 cursor-pointer")): Object: 'Object Repository/Search/Page_Pijar Mahir/img_Kategori_mdmr-12 mr-2 cursor-pointer' is clicked on

2021-10-18 14:18:19 - [MESSAGE][PASSED] - Object: 'Object Repository/Search/Page_Pijar Mahir/img_Kategori_mdmr-12 mr-2 cursor-pointer' is clicked on

2021-10-18 14:18:19 - [TEST_STEP][PASSED] - click(findTestObject("Search/input_Kategori_search")): Object: 'Object Repository/Search/input_Kategori_search' is clicked on

2021-10-18 14:18:20 - [MESSAGE][PASSED] - Object: 'Object Repository/Search/input_Kategori_search' is clicked on]]></system-out>
         <system-err><![CDATA[]]></system-err>
      </testcase>
      <system-out><![CDATA[2021-10-18 14:17:39 - [TEST_SUITE][PASSED] - Pastikan user dapat melakukan pencarian data: Test Cases/User/Search/Pastikan User dapat mengakses Pecarian data Ketika Login]]></system-out>
      <system-err><![CDATA[]]></system-err>
   </testsuite>
</testsuites>
