<?xml version="1.0" encoding="UTF-8"?>
<testsuites name="Pastikan User Dapat Mengakses Keranjang" time="139.247" tests="4" failures="0" errors="0">
   <testsuite name="Pastikan User Dapat Mengakses Keranjang" tests="4" failures="0" errors="0" time="139.247" skipped="0" timestamp="2022-01-28 15:04:11" hostname="ardiansyah - 192.168.1.8" id="Test Suites/Keranjang/Pastikan User Dapat Mengakses Keranjang">
      <properties>
         <property name="deviceName" value=""/>
         <property name="devicePlatform" value=""/>
         <property name="logFolder" value="/Users/ardiansyah/Documents/Work/Telkom/PijarMahir/Katalon/GitLab/pijarmahir-automation-web/Reports/20220128_150400/Keranjang/Pastikan User Dapat Mengakses Keranjang/20220128_150400"/>
         <property name="logFiles" value="/Users/ardiansyah/Documents/Work/Telkom/PijarMahir/Katalon/GitLab/pijarmahir-automation-web/Reports/20220128_150400/Keranjang/Pastikan User Dapat Mengakses Keranjang/20220128_150400/execution0.log"/>
         <property name="attachments" value=""/>
         <property name="hostName" value="ardiansyah - 192.168.1.8"/>
         <property name="os" value="Mac OS X 64bit"/>
         <property name="katalonVersion" value="8.2.5.208"/>
         <property name="browser" value="Chrome 97.0.4692.99"/>
         <property name="hostAddress" value="192.168.1.8"/>
         <property name="sessionId" value="dab608182c63e6d8b876e2fd3b69953e"/>
         <property name="seleniumVersion" value="3.141.59"/>
         <property name="proxyInformation" value="ProxyInformation { proxyOption=NO_PROXY, proxyServerType=HTTP, username=, password=********, proxyServerAddress=, proxyServerPort=0, executionList=&quot;&quot;, isApplyToDesiredCapabilities=true }"/>
         <property name="platform" value="Mac OS X"/>
      </properties>
      <testcase name="Test Cases/User/Keranjang/Positive Case/Pastikan User Dapat Menambah Course Ke Keranjang" time="51.267" classname="Test Cases/User/Keranjang/Positive Case/Pastikan User Dapat Menambah Course Ke Keranjang" status="PASSED">
         <system-out><![CDATA[2022-01-28 15:04:12 - [TEST_CASE][PASSED] - Test Cases/User/Keranjang/Positive Case/Pastikan User Dapat Menambah Course Ke Keranjang: Test Cases/User/Keranjang/Positive Case/Pastikan User Dapat Menambah Course Ke Keranjang

2022-01-28 15:04:12 - [TEST_STEP][PASSED] - callTestCase(findTestCase("User/Login/Positive Case/Pastikan User dapat melakukan Login"), ["username":"fitrianisa@yopmail.com", "password":"123Abcde"], STOP_ON_FAILURE): Call Test Case 'Test Cases/User/Login/Positive Case/Pastikan User dapat melakukan Login' successfully

2022-01-28 15:04:12 - [TEST_CASE][PASSED] - Test Cases/User/Login/Positive Case/Pastikan User dapat melakukan Login: Test Cases/User/Login/Positive Case/Pastikan User dapat melakukan Login

2022-01-28 15:04:12 - [TEST_STEP][PASSED] - callTestCase(findTestCase("CustomKeyword/Open Browser"), [:], STOP_ON_FAILURE): Call Test Case 'Test Cases/CustomKeyword/Open Browser' successfully

2022-01-28 15:04:13 - [TEST_CASE][PASSED] - Test Cases/CustomKeyword/Open Browser: Test Cases/CustomKeyword/Open Browser

2022-01-28 15:04:13 - [TEST_STEP][PASSED] - openBrowser(""): Browser is opened with url: ''

2022-01-28 15:04:13 - [MESSAGE][INFO] - Starting 'Chrome' driver

2022-01-28 15:04:13 - [MESSAGE][INFO] - Action delay is set to 0 milliseconds

2022-01-28 15:04:16 - [MESSAGE][PASSED] - Browser is opened with url: ''

2022-01-28 15:04:16 - [TEST_STEP][PASSED] - maximizeWindow(): Current window maximized

2022-01-28 15:04:17 - [MESSAGE][PASSED] - Current window maximized

2022-01-28 15:04:17 - [MESSAGE][PASSED] - Call Test Case 'Test Cases/CustomKeyword/Open Browser' successfully

2022-01-28 15:04:17 - [TEST_STEP][PASSED] - callTestCase(findTestCase("CustomKeyword/Negative to URL"), [:], STOP_ON_FAILURE): Call Test Case 'Test Cases/CustomKeyword/Negative to URL' successfully

2022-01-28 15:04:17 - [TEST_CASE][PASSED] - Test Cases/CustomKeyword/Negative to URL: Test Cases/CustomKeyword/Negative to URL

2022-01-28 15:04:17 - [TEST_STEP][PASSED] - navigateToUrl(BASE_URL): Navigate to 'https://dev2.pijarmahir.id' successfully

2022-01-28 15:04:21 - [MESSAGE][PASSED] - Navigate to 'https://dev2.pijarmahir.id' successfully

2022-01-28 15:04:21 - [MESSAGE][PASSED] - Call Test Case 'Test Cases/CustomKeyword/Negative to URL' successfully

2022-01-28 15:04:21 - [TEST_STEP][PASSED] - click(findTestObject("Login/button__z-2 absolute right-0 top-0 bg-white w-10 h-10 flex rounded-full justify-center items-center border-black-300 border-2.5")): Object: 'Object Repository/Login/button__z-2 absolute right-0 top-0 bg-white w-10 h-10 flex rounded-full justify-center items-center border-black-300 border-2.5' is clicked on

2022-01-28 15:04:22 - [MESSAGE][PASSED] - Object: 'Object Repository/Login/button__z-2 absolute right-0 top-0 bg-white w-10 h-10 flex rounded-full justify-center items-center border-black-300 border-2.5' is clicked on

2022-01-28 15:04:22 - [TEST_STEP][PASSED] - click(findTestObject("Login/Page_Pijar Mahir/button_Masuk")): Object: 'Object Repository/Login/Page_Pijar Mahir/button_Masuk' is clicked on

2022-01-28 15:04:23 - [MESSAGE][PASSED] - Object: 'Object Repository/Login/Page_Pijar Mahir/button_Masuk' is clicked on

2022-01-28 15:04:23 - [TEST_STEP][PASSED] - setText(findTestObject("Login/input_Email_email"), username): Text 'fitrianisa@yopmail.com' is set on object 'Object Repository/Login/input_Email_email'

2022-01-28 15:04:24 - [MESSAGE][PASSED] - Text 'fitrianisa@yopmail.com' is set on object 'Object Repository/Login/input_Email_email'

2022-01-28 15:04:24 - [TEST_STEP][PASSED] - setText(findTestObject("Login/input_Password_password"), password): Text '123Abcde' is set on object 'Object Repository/Login/input_Password_password'

2022-01-28 15:04:25 - [MESSAGE][PASSED] - Text '123Abcde' is set on object 'Object Repository/Login/input_Password_password'

2022-01-28 15:04:25 - [TEST_STEP][PASSED] - click(findTestObject("Login/button_Masuk")): Object: 'Object Repository/Login/button_Masuk' is clicked on

2022-01-28 15:04:26 - [MESSAGE][PASSED] - Object: 'Object Repository/Login/button_Masuk' is clicked on

2022-01-28 15:04:26 - [MESSAGE][PASSED] - Call Test Case 'Test Cases/User/Login/Positive Case/Pastikan User dapat melakukan Login' successfully

2022-01-28 15:04:26 - [TEST_STEP][PASSED] - verifyElementText(findTestObject("Keranjang/h3_Kategori"), "Kategori"): Actual text and expected text of test object 'Object Repository/Keranjang/h3_Kategori' are matched.

2022-01-28 15:04:30 - [MESSAGE][PASSED] - Actual text and expected text of test object 'Object Repository/Keranjang/h3_Kategori' are matched.

2022-01-28 15:04:30 - [TEST_STEP][PASSED] - scrollToElement(findTestObject("Keranjang/h3_Kategori"), 0): Scroll to object 'Object Repository/Keranjang/h3_Kategori' successfully

2022-01-28 15:04:30 - [MESSAGE][WARNING] - Timeout '0' is invalid. Using default page load timeout: '30'

2022-01-28 15:04:30 - [MESSAGE][PASSED] - Scroll to object 'Object Repository/Keranjang/h3_Kategori' successfully

2022-01-28 15:04:30 - [TEST_STEP][PASSED] - delay(3): Delayed 3 second(s)

2022-01-28 15:04:33 - [MESSAGE][PASSED] - Delayed 3 second(s)

2022-01-28 15:04:33 - [TEST_STEP][PASSED] - verifyElementText(findTestObject("Keranjang/h3_Terakhir dicari"), "Terakhir dicari"): Actual text and expected text of test object 'Object Repository/Keranjang/h3_Terakhir dicari' are matched.

2022-01-28 15:04:33 - [MESSAGE][PASSED] - Actual text and expected text of test object 'Object Repository/Keranjang/h3_Terakhir dicari' are matched.

2022-01-28 15:04:33 - [TEST_STEP][PASSED] - scrollToElement(findTestObject("Keranjang/h3_Terakhir dicari"), 0): Scroll to object 'Object Repository/Keranjang/h3_Terakhir dicari' successfully

2022-01-28 15:04:33 - [MESSAGE][WARNING] - Timeout '0' is invalid. Using default page load timeout: '30'

2022-01-28 15:04:34 - [MESSAGE][PASSED] - Scroll to object 'Object Repository/Keranjang/h3_Terakhir dicari' successfully

2022-01-28 15:04:34 - [TEST_STEP][PASSED] - delay(3): Delayed 3 second(s)

2022-01-28 15:04:37 - [MESSAGE][PASSED] - Delayed 3 second(s)

2022-01-28 15:04:37 - [TEST_STEP][PASSED] - verifyElementText(findTestObject("Keranjang/h3_Kelas Terbaik Pijar Mahir"), "Kelas Terbaik Pijar Mahir!"): Actual text and expected text of test object 'Object Repository/Keranjang/h3_Kelas Terbaik Pijar Mahir' are matched.

2022-01-28 15:04:37 - [MESSAGE][PASSED] - Actual text and expected text of test object 'Object Repository/Keranjang/h3_Kelas Terbaik Pijar Mahir' are matched.

2022-01-28 15:04:37 - [TEST_STEP][PASSED] - scrollToElement(findTestObject("Keranjang/h3_Kelas Terbaik Pijar Mahir"), 0): Scroll to object 'Object Repository/Keranjang/h3_Kelas Terbaik Pijar Mahir' successfully

2022-01-28 15:04:37 - [MESSAGE][WARNING] - Timeout '0' is invalid. Using default page load timeout: '30'

2022-01-28 15:04:37 - [MESSAGE][PASSED] - Scroll to object 'Object Repository/Keranjang/h3_Kelas Terbaik Pijar Mahir' successfully

2022-01-28 15:04:37 - [TEST_STEP][PASSED] - delay(3): Delayed 3 second(s)

2022-01-28 15:04:40 - [MESSAGE][PASSED] - Delayed 3 second(s)

2022-01-28 15:04:40 - [TEST_STEP][PASSED] - verifyElementText(findTestObject("Keranjang/h3_Rekomendasi Kursus"), "Rekomendasi Kursus"): Actual text and expected text of test object 'Object Repository/Keranjang/h3_Rekomendasi Kursus' are matched.

2022-01-28 15:04:41 - [MESSAGE][PASSED] - Actual text and expected text of test object 'Object Repository/Keranjang/h3_Rekomendasi Kursus' are matched.

2022-01-28 15:04:41 - [TEST_STEP][PASSED] - scrollToElement(findTestObject("Keranjang/h3_Rekomendasi Kursus"), 0): Scroll to object 'Object Repository/Keranjang/h3_Rekomendasi Kursus' successfully

2022-01-28 15:04:41 - [MESSAGE][WARNING] - Timeout '0' is invalid. Using default page load timeout: '30'

2022-01-28 15:04:41 - [MESSAGE][PASSED] - Scroll to object 'Object Repository/Keranjang/h3_Rekomendasi Kursus' successfully

2022-01-28 15:04:41 - [TEST_STEP][PASSED] - delay(3): Delayed 3 second(s)

2022-01-28 15:04:44 - [MESSAGE][PASSED] - Delayed 3 second(s)

2022-01-28 15:04:44 - [TEST_STEP][PASSED] - verifyElementText(findTestObject("Keranjang/h3_Siap Jadi Talenta Digital Terbaik"), "Siap Jadi Talenta Digital Terbaik!"): Actual text and expected text of test object 'Object Repository/Keranjang/h3_Siap Jadi Talenta Digital Terbaik' are matched.

2022-01-28 15:04:44 - [MESSAGE][PASSED] - Actual text and expected text of test object 'Object Repository/Keranjang/h3_Siap Jadi Talenta Digital Terbaik' are matched.

2022-01-28 15:04:44 - [TEST_STEP][PASSED] - scrollToElement(findTestObject("Keranjang/h3_Siap Jadi Talenta Digital Terbaik"), 0): Scroll to object 'Object Repository/Keranjang/h3_Siap Jadi Talenta Digital Terbaik' successfully

2022-01-28 15:04:44 - [MESSAGE][WARNING] - Timeout '0' is invalid. Using default page load timeout: '30'

2022-01-28 15:04:45 - [MESSAGE][PASSED] - Scroll to object 'Object Repository/Keranjang/h3_Siap Jadi Talenta Digital Terbaik' successfully

2022-01-28 15:04:45 - [TEST_STEP][PASSED] - delay(3): Delayed 3 second(s)

2022-01-28 15:04:48 - [MESSAGE][PASSED] - Delayed 3 second(s)

2022-01-28 15:04:48 - [TEST_STEP][PASSED] - verifyElementText(findTestObject("Keranjang/h3_Best Seller"), "Best Seller"): Actual text and expected text of test object 'Object Repository/Keranjang/h3_Best Seller' are matched.

2022-01-28 15:04:48 - [MESSAGE][PASSED] - Actual text and expected text of test object 'Object Repository/Keranjang/h3_Best Seller' are matched.

2022-01-28 15:04:48 - [TEST_STEP][PASSED] - scrollToElement(findTestObject("Keranjang/h3_Best Seller"), 0): Scroll to object 'Object Repository/Keranjang/h3_Best Seller' successfully

2022-01-28 15:04:48 - [MESSAGE][WARNING] - Timeout '0' is invalid. Using default page load timeout: '30'

2022-01-28 15:04:48 - [MESSAGE][PASSED] - Scroll to object 'Object Repository/Keranjang/h3_Best Seller' successfully

2022-01-28 15:04:48 - [TEST_STEP][PASSED] - delay(3): Delayed 3 second(s)

2022-01-28 15:04:51 - [MESSAGE][PASSED] - Delayed 3 second(s)

2022-01-28 15:04:51 - [TEST_STEP][PASSED] - verifyElementText(findTestObject("Keranjang/h3_Populer Saat Ini"), "Populer Saat Ini"): Actual text and expected text of test object 'Object Repository/Keranjang/h3_Populer Saat Ini' are matched.

2022-01-28 15:04:52 - [MESSAGE][PASSED] - Actual text and expected text of test object 'Object Repository/Keranjang/h3_Populer Saat Ini' are matched.

2022-01-28 15:04:52 - [TEST_STEP][PASSED] - scrollToElement(findTestObject("Keranjang/h3_Populer Saat Ini"), 0): Scroll to object 'Object Repository/Keranjang/h3_Populer Saat Ini' successfully

2022-01-28 15:04:52 - [MESSAGE][WARNING] - Timeout '0' is invalid. Using default page load timeout: '30'

2022-01-28 15:04:52 - [MESSAGE][PASSED] - Scroll to object 'Object Repository/Keranjang/h3_Populer Saat Ini' successfully

2022-01-28 15:04:52 - [TEST_STEP][PASSED] - delay(3): Delayed 3 second(s)

2022-01-28 15:04:55 - [MESSAGE][PASSED] - Delayed 3 second(s)

2022-01-28 15:04:55 - [TEST_STEP][PASSED] - verifyElementText(findTestObject("Keranjang/h3_Kartu Prakerja"), "Kartu Prakerja"): Actual text and expected text of test object 'Object Repository/Keranjang/h3_Kartu Prakerja' are matched.

2022-01-28 15:04:55 - [MESSAGE][PASSED] - Actual text and expected text of test object 'Object Repository/Keranjang/h3_Kartu Prakerja' are matched.

2022-01-28 15:04:55 - [TEST_STEP][PASSED] - scrollToElement(findTestObject("Keranjang/h3_Kartu Prakerja"), 0): Scroll to object 'Object Repository/Keranjang/h3_Kartu Prakerja' successfully

2022-01-28 15:04:55 - [MESSAGE][WARNING] - Timeout '0' is invalid. Using default page load timeout: '30'

2022-01-28 15:04:56 - [MESSAGE][PASSED] - Scroll to object 'Object Repository/Keranjang/h3_Kartu Prakerja' successfully

2022-01-28 15:04:56 - [TEST_STEP][PASSED] - delay(3): Delayed 3 second(s)

2022-01-28 15:04:59 - [MESSAGE][PASSED] - Delayed 3 second(s)

2022-01-28 15:04:59 - [TEST_STEP][PASSED] - focus(findTestObject("Keranjang/div_Eksis di Google dengan Google My BusinessLEAP")): Object: 'Object Repository/Keranjang/div_Eksis di Google dengan Google My BusinessLEAP' is focused

2022-01-28 15:04:59 - [MESSAGE][PASSED] - Object: 'Object Repository/Keranjang/div_Eksis di Google dengan Google My BusinessLEAP' is focused

2022-01-28 15:04:59 - [TEST_STEP][PASSED] - click(findTestObject("Keranjang/div_Eksis di Google dengan Google My BusinessLEAP")): Object: 'Object Repository/Keranjang/div_Eksis di Google dengan Google My BusinessLEAP' is clicked on

2022-01-28 15:04:59 - [MESSAGE][PASSED] - Object: 'Object Repository/Keranjang/div_Eksis di Google dengan Google My BusinessLEAP' is clicked on

2022-01-28 15:04:59 - [TEST_STEP][PASSED] - click(findTestObject("Keranjang/button_Keranjang")): Object: 'Object Repository/Keranjang/button_Keranjang' is clicked on

2022-01-28 15:05:02 - [MESSAGE][PASSED] - Object: 'Object Repository/Keranjang/button_Keranjang' is clicked on

2022-01-28 15:05:02 - [TEST_STEP][PASSED] - click(findTestObject("Keranjang/Page_Pijar Mahir/button_Lihat Keranjang")): Object: 'Object Repository/Keranjang/Page_Pijar Mahir/button_Lihat Keranjang' is clicked on

2022-01-28 15:05:03 - [MESSAGE][PASSED] - Object: 'Object Repository/Keranjang/Page_Pijar Mahir/button_Lihat Keranjang' is clicked on]]></system-out>
         <system-err><![CDATA[]]></system-err>
      </testcase>
      <testcase name="Test Cases/User/Keranjang/Positive Case/Pastikan User Dapat Menghapus Data Keranjang" time="17.215" classname="Test Cases/User/Keranjang/Positive Case/Pastikan User Dapat Menghapus Data Keranjang" status="PASSED">
         <system-out><![CDATA[2022-01-28 15:05:03 - [TEST_CASE][PASSED] - Test Cases/User/Keranjang/Positive Case/Pastikan User Dapat Menghapus Data Keranjang: Test Cases/User/Keranjang/Positive Case/Pastikan User Dapat Menghapus Data Keranjang

2022-01-28 15:05:03 - [TEST_STEP][PASSED] - callTestCase(findTestCase("User/Login/Positive Case/Pastikan User dapat melakukan Login"), ["username":"fitrianisa@yopmail.com", "password":"123Abcde"], STOP_ON_FAILURE): Call Test Case 'Test Cases/User/Login/Positive Case/Pastikan User dapat melakukan Login' successfully

2022-01-28 15:05:03 - [TEST_CASE][PASSED] - Test Cases/User/Login/Positive Case/Pastikan User dapat melakukan Login: Test Cases/User/Login/Positive Case/Pastikan User dapat melakukan Login

2022-01-28 15:05:03 - [TEST_STEP][PASSED] - callTestCase(findTestCase("CustomKeyword/Open Browser"), [:], STOP_ON_FAILURE): Call Test Case 'Test Cases/CustomKeyword/Open Browser' successfully

2022-01-28 15:05:03 - [TEST_CASE][PASSED] - Test Cases/CustomKeyword/Open Browser: Test Cases/CustomKeyword/Open Browser

2022-01-28 15:05:03 - [TEST_STEP][PASSED] - openBrowser(""): Browser is opened with url: ''

2022-01-28 15:05:03 - [MESSAGE][WARNING] - A browser is already opened. Closing browser and opening a new one

2022-01-28 15:05:04 - [MESSAGE][INFO] - Starting 'Chrome' driver

2022-01-28 15:05:04 - [MESSAGE][INFO] - Action delay is set to 0 milliseconds

2022-01-28 15:05:05 - [MESSAGE][PASSED] - Browser is opened with url: ''

2022-01-28 15:05:05 - [TEST_STEP][PASSED] - maximizeWindow(): Current window maximized

2022-01-28 15:05:05 - [MESSAGE][PASSED] - Current window maximized

2022-01-28 15:05:05 - [MESSAGE][PASSED] - Call Test Case 'Test Cases/CustomKeyword/Open Browser' successfully

2022-01-28 15:05:05 - [TEST_STEP][PASSED] - callTestCase(findTestCase("CustomKeyword/Negative to URL"), [:], STOP_ON_FAILURE): Call Test Case 'Test Cases/CustomKeyword/Negative to URL' successfully

2022-01-28 15:05:06 - [TEST_CASE][PASSED] - Test Cases/CustomKeyword/Negative to URL: Test Cases/CustomKeyword/Negative to URL

2022-01-28 15:05:06 - [TEST_STEP][PASSED] - navigateToUrl(BASE_URL): Navigate to 'https://dev2.pijarmahir.id' successfully

2022-01-28 15:05:10 - [MESSAGE][PASSED] - Navigate to 'https://dev2.pijarmahir.id' successfully

2022-01-28 15:05:10 - [MESSAGE][PASSED] - Call Test Case 'Test Cases/CustomKeyword/Negative to URL' successfully

2022-01-28 15:05:10 - [TEST_STEP][PASSED] - click(findTestObject("Login/button__z-2 absolute right-0 top-0 bg-white w-10 h-10 flex rounded-full justify-center items-center border-black-300 border-2.5")): Object: 'Object Repository/Login/button__z-2 absolute right-0 top-0 bg-white w-10 h-10 flex rounded-full justify-center items-center border-black-300 border-2.5' is clicked on

2022-01-28 15:05:11 - [MESSAGE][PASSED] - Object: 'Object Repository/Login/button__z-2 absolute right-0 top-0 bg-white w-10 h-10 flex rounded-full justify-center items-center border-black-300 border-2.5' is clicked on

2022-01-28 15:05:11 - [TEST_STEP][PASSED] - click(findTestObject("Login/Page_Pijar Mahir/button_Masuk")): Object: 'Object Repository/Login/Page_Pijar Mahir/button_Masuk' is clicked on

2022-01-28 15:05:12 - [MESSAGE][PASSED] - Object: 'Object Repository/Login/Page_Pijar Mahir/button_Masuk' is clicked on

2022-01-28 15:05:12 - [TEST_STEP][PASSED] - setText(findTestObject("Login/input_Email_email"), username): Text 'fitrianisa@yopmail.com' is set on object 'Object Repository/Login/input_Email_email'

2022-01-28 15:05:13 - [MESSAGE][PASSED] - Text 'fitrianisa@yopmail.com' is set on object 'Object Repository/Login/input_Email_email'

2022-01-28 15:05:13 - [TEST_STEP][PASSED] - setText(findTestObject("Login/input_Password_password"), password): Text '123Abcde' is set on object 'Object Repository/Login/input_Password_password'

2022-01-28 15:05:14 - [MESSAGE][PASSED] - Text '123Abcde' is set on object 'Object Repository/Login/input_Password_password'

2022-01-28 15:05:14 - [TEST_STEP][PASSED] - click(findTestObject("Login/button_Masuk")): Object: 'Object Repository/Login/button_Masuk' is clicked on

2022-01-28 15:05:14 - [MESSAGE][PASSED] - Object: 'Object Repository/Login/button_Masuk' is clicked on

2022-01-28 15:05:14 - [MESSAGE][PASSED] - Call Test Case 'Test Cases/User/Login/Positive Case/Pastikan User dapat melakukan Login' successfully

2022-01-28 15:05:14 - [TEST_STEP][PASSED] - focus(findTestObject("Keranjang/Page_Pijar Mahir/button_Keranjang_Top")): Object: 'Object Repository/Keranjang/Page_Pijar Mahir/button_Keranjang_Top' is focused

2022-01-28 15:05:18 - [MESSAGE][PASSED] - Object: 'Object Repository/Keranjang/Page_Pijar Mahir/button_Keranjang_Top' is focused

2022-01-28 15:05:18 - [TEST_STEP][PASSED] - click(findTestObject("Keranjang/Page_Pijar Mahir/a_Lihat Semua_Keranjang")): Object: 'Object Repository/Keranjang/Page_Pijar Mahir/a_Lihat Semua_Keranjang' is clicked on

2022-01-28 15:05:19 - [MESSAGE][PASSED] - Object: 'Object Repository/Keranjang/Page_Pijar Mahir/a_Lihat Semua_Keranjang' is clicked on

2022-01-28 15:05:19 - [TEST_STEP][PASSED] - click(findTestObject("Keranjang/Page_Pijar Mahir/button_Hapus_Keranjang")): Object: 'Object Repository/Keranjang/Page_Pijar Mahir/button_Hapus_Keranjang' is clicked on

2022-01-28 15:05:20 - [MESSAGE][PASSED] - Object: 'Object Repository/Keranjang/Page_Pijar Mahir/button_Hapus_Keranjang' is clicked on

2022-01-28 15:05:20 - [TEST_STEP][PASSED] - click(findTestObject("Keranjang/Page_Pijar Mahir/button_Hapus Kursus_Keranjang")): Object: 'Object Repository/Keranjang/Page_Pijar Mahir/button_Hapus Kursus_Keranjang' is clicked on

2022-01-28 15:05:20 - [MESSAGE][PASSED] - Object: 'Object Repository/Keranjang/Page_Pijar Mahir/button_Hapus Kursus_Keranjang' is clicked on]]></system-out>
         <system-err><![CDATA[]]></system-err>
      </testcase>
      <testcase name="Test Cases/User/Keranjang/Positive Case/Pastikan User Dapat Menambah Course Ke Keranjang dan Pindah Ke Wishlist" time="50.815" classname="Test Cases/User/Keranjang/Positive Case/Pastikan User Dapat Menambah Course Ke Keranjang dan Pindah Ke Wishlist" status="PASSED">
         <system-out><![CDATA[2022-01-28 15:05:20 - [TEST_CASE][PASSED] - Test Cases/User/Keranjang/Positive Case/Pastikan User Dapat Menambah Course Ke Keranjang dan Pindah Ke Wishlist: Test Cases/User/Keranjang/Positive Case/Pastikan User Dapat Menambah Course Ke Keranjang dan Pindah Ke Wishlist

2022-01-28 15:05:21 - [TEST_STEP][PASSED] - callTestCase(findTestCase("User/Login/Positive Case/Pastikan User dapat melakukan Login"), ["username":"fitrianisa@yopmail.com", "password":"123Abcde"], STOP_ON_FAILURE): Call Test Case 'Test Cases/User/Login/Positive Case/Pastikan User dapat melakukan Login' successfully

2022-01-28 15:05:21 - [TEST_CASE][PASSED] - Test Cases/User/Login/Positive Case/Pastikan User dapat melakukan Login: Test Cases/User/Login/Positive Case/Pastikan User dapat melakukan Login

2022-01-28 15:05:21 - [TEST_STEP][PASSED] - callTestCase(findTestCase("CustomKeyword/Open Browser"), [:], STOP_ON_FAILURE): Call Test Case 'Test Cases/CustomKeyword/Open Browser' successfully

2022-01-28 15:05:21 - [TEST_CASE][PASSED] - Test Cases/CustomKeyword/Open Browser: Test Cases/CustomKeyword/Open Browser

2022-01-28 15:05:21 - [TEST_STEP][PASSED] - openBrowser(""): Browser is opened with url: ''

2022-01-28 15:05:21 - [MESSAGE][WARNING] - A browser is already opened. Closing browser and opening a new one

2022-01-28 15:05:21 - [MESSAGE][INFO] - Starting 'Chrome' driver

2022-01-28 15:05:21 - [MESSAGE][INFO] - Action delay is set to 0 milliseconds

2022-01-28 15:05:23 - [MESSAGE][PASSED] - Browser is opened with url: ''

2022-01-28 15:05:23 - [TEST_STEP][PASSED] - maximizeWindow(): Current window maximized

2022-01-28 15:05:23 - [MESSAGE][PASSED] - Current window maximized

2022-01-28 15:05:23 - [MESSAGE][PASSED] - Call Test Case 'Test Cases/CustomKeyword/Open Browser' successfully

2022-01-28 15:05:23 - [TEST_STEP][PASSED] - callTestCase(findTestCase("CustomKeyword/Negative to URL"), [:], STOP_ON_FAILURE): Call Test Case 'Test Cases/CustomKeyword/Negative to URL' successfully

2022-01-28 15:05:23 - [TEST_CASE][PASSED] - Test Cases/CustomKeyword/Negative to URL: Test Cases/CustomKeyword/Negative to URL

2022-01-28 15:05:23 - [TEST_STEP][PASSED] - navigateToUrl(BASE_URL): Navigate to 'https://dev2.pijarmahir.id' successfully

2022-01-28 15:05:27 - [MESSAGE][PASSED] - Navigate to 'https://dev2.pijarmahir.id' successfully

2022-01-28 15:05:27 - [MESSAGE][PASSED] - Call Test Case 'Test Cases/CustomKeyword/Negative to URL' successfully

2022-01-28 15:05:27 - [TEST_STEP][PASSED] - click(findTestObject("Login/button__z-2 absolute right-0 top-0 bg-white w-10 h-10 flex rounded-full justify-center items-center border-black-300 border-2.5")): Object: 'Object Repository/Login/button__z-2 absolute right-0 top-0 bg-white w-10 h-10 flex rounded-full justify-center items-center border-black-300 border-2.5' is clicked on

2022-01-28 15:05:28 - [MESSAGE][PASSED] - Object: 'Object Repository/Login/button__z-2 absolute right-0 top-0 bg-white w-10 h-10 flex rounded-full justify-center items-center border-black-300 border-2.5' is clicked on

2022-01-28 15:05:28 - [TEST_STEP][PASSED] - click(findTestObject("Login/Page_Pijar Mahir/button_Masuk")): Object: 'Object Repository/Login/Page_Pijar Mahir/button_Masuk' is clicked on

2022-01-28 15:05:28 - [MESSAGE][PASSED] - Object: 'Object Repository/Login/Page_Pijar Mahir/button_Masuk' is clicked on

2022-01-28 15:05:28 - [TEST_STEP][PASSED] - setText(findTestObject("Login/input_Email_email"), username): Text 'fitrianisa@yopmail.com' is set on object 'Object Repository/Login/input_Email_email'

2022-01-28 15:05:30 - [MESSAGE][PASSED] - Text 'fitrianisa@yopmail.com' is set on object 'Object Repository/Login/input_Email_email'

2022-01-28 15:05:30 - [TEST_STEP][PASSED] - setText(findTestObject("Login/input_Password_password"), password): Text '123Abcde' is set on object 'Object Repository/Login/input_Password_password'

2022-01-28 15:05:31 - [MESSAGE][PASSED] - Text '123Abcde' is set on object 'Object Repository/Login/input_Password_password'

2022-01-28 15:05:31 - [TEST_STEP][PASSED] - click(findTestObject("Login/button_Masuk")): Object: 'Object Repository/Login/button_Masuk' is clicked on

2022-01-28 15:05:31 - [MESSAGE][PASSED] - Object: 'Object Repository/Login/button_Masuk' is clicked on

2022-01-28 15:05:31 - [MESSAGE][PASSED] - Call Test Case 'Test Cases/User/Login/Positive Case/Pastikan User dapat melakukan Login' successfully

2022-01-28 15:05:31 - [TEST_STEP][PASSED] - verifyElementText(findTestObject("Keranjang/h3_Kategori"), "Kategori"): Actual text and expected text of test object 'Object Repository/Keranjang/h3_Kategori' are matched.

2022-01-28 15:05:35 - [MESSAGE][PASSED] - Actual text and expected text of test object 'Object Repository/Keranjang/h3_Kategori' are matched.

2022-01-28 15:05:35 - [TEST_STEP][PASSED] - scrollToElement(findTestObject("Keranjang/h3_Kategori"), 0): Scroll to object 'Object Repository/Keranjang/h3_Kategori' successfully

2022-01-28 15:05:35 - [MESSAGE][WARNING] - Timeout '0' is invalid. Using default page load timeout: '30'

2022-01-28 15:05:35 - [MESSAGE][PASSED] - Scroll to object 'Object Repository/Keranjang/h3_Kategori' successfully

2022-01-28 15:05:35 - [TEST_STEP][PASSED] - delay(3): Delayed 3 second(s)

2022-01-28 15:05:38 - [MESSAGE][PASSED] - Delayed 3 second(s)

2022-01-28 15:05:38 - [TEST_STEP][PASSED] - verifyElementText(findTestObject("Keranjang/h3_Terakhir dicari"), "Terakhir dicari"): Actual text and expected text of test object 'Object Repository/Keranjang/h3_Terakhir dicari' are matched.

2022-01-28 15:05:38 - [MESSAGE][PASSED] - Actual text and expected text of test object 'Object Repository/Keranjang/h3_Terakhir dicari' are matched.

2022-01-28 15:05:38 - [TEST_STEP][PASSED] - scrollToElement(findTestObject("Keranjang/h3_Terakhir dicari"), 0): Scroll to object 'Object Repository/Keranjang/h3_Terakhir dicari' successfully

2022-01-28 15:05:39 - [MESSAGE][WARNING] - Timeout '0' is invalid. Using default page load timeout: '30'

2022-01-28 15:05:39 - [MESSAGE][PASSED] - Scroll to object 'Object Repository/Keranjang/h3_Terakhir dicari' successfully

2022-01-28 15:05:39 - [TEST_STEP][PASSED] - delay(3): Delayed 3 second(s)

2022-01-28 15:05:42 - [MESSAGE][PASSED] - Delayed 3 second(s)

2022-01-28 15:05:42 - [TEST_STEP][PASSED] - verifyElementText(findTestObject("Keranjang/h3_Kelas Terbaik Pijar Mahir"), "Kelas Terbaik Pijar Mahir!"): Actual text and expected text of test object 'Object Repository/Keranjang/h3_Kelas Terbaik Pijar Mahir' are matched.

2022-01-28 15:05:42 - [MESSAGE][PASSED] - Actual text and expected text of test object 'Object Repository/Keranjang/h3_Kelas Terbaik Pijar Mahir' are matched.

2022-01-28 15:05:42 - [TEST_STEP][PASSED] - scrollToElement(findTestObject("Keranjang/h3_Kelas Terbaik Pijar Mahir"), 0): Scroll to object 'Object Repository/Keranjang/h3_Kelas Terbaik Pijar Mahir' successfully

2022-01-28 15:05:42 - [MESSAGE][WARNING] - Timeout '0' is invalid. Using default page load timeout: '30'

2022-01-28 15:05:42 - [MESSAGE][PASSED] - Scroll to object 'Object Repository/Keranjang/h3_Kelas Terbaik Pijar Mahir' successfully

2022-01-28 15:05:42 - [TEST_STEP][PASSED] - delay(3): Delayed 3 second(s)

2022-01-28 15:05:45 - [MESSAGE][PASSED] - Delayed 3 second(s)

2022-01-28 15:05:45 - [TEST_STEP][PASSED] - verifyElementText(findTestObject("Keranjang/h3_Rekomendasi Kursus"), "Rekomendasi Kursus"): Actual text and expected text of test object 'Object Repository/Keranjang/h3_Rekomendasi Kursus' are matched.

2022-01-28 15:05:46 - [MESSAGE][PASSED] - Actual text and expected text of test object 'Object Repository/Keranjang/h3_Rekomendasi Kursus' are matched.

2022-01-28 15:05:46 - [TEST_STEP][PASSED] - scrollToElement(findTestObject("Keranjang/h3_Rekomendasi Kursus"), 0): Scroll to object 'Object Repository/Keranjang/h3_Rekomendasi Kursus' successfully

2022-01-28 15:05:46 - [MESSAGE][WARNING] - Timeout '0' is invalid. Using default page load timeout: '30'

2022-01-28 15:05:46 - [MESSAGE][PASSED] - Scroll to object 'Object Repository/Keranjang/h3_Rekomendasi Kursus' successfully

2022-01-28 15:05:46 - [TEST_STEP][PASSED] - delay(3): Delayed 3 second(s)

2022-01-28 15:05:49 - [MESSAGE][PASSED] - Delayed 3 second(s)

2022-01-28 15:05:49 - [TEST_STEP][PASSED] - verifyElementText(findTestObject("Keranjang/h3_Siap Jadi Talenta Digital Terbaik"), "Siap Jadi Talenta Digital Terbaik!"): Actual text and expected text of test object 'Object Repository/Keranjang/h3_Siap Jadi Talenta Digital Terbaik' are matched.

2022-01-28 15:05:49 - [MESSAGE][PASSED] - Actual text and expected text of test object 'Object Repository/Keranjang/h3_Siap Jadi Talenta Digital Terbaik' are matched.

2022-01-28 15:05:49 - [TEST_STEP][PASSED] - scrollToElement(findTestObject("Keranjang/h3_Siap Jadi Talenta Digital Terbaik"), 0): Scroll to object 'Object Repository/Keranjang/h3_Siap Jadi Talenta Digital Terbaik' successfully

2022-01-28 15:05:49 - [MESSAGE][WARNING] - Timeout '0' is invalid. Using default page load timeout: '30'

2022-01-28 15:05:50 - [MESSAGE][PASSED] - Scroll to object 'Object Repository/Keranjang/h3_Siap Jadi Talenta Digital Terbaik' successfully

2022-01-28 15:05:50 - [TEST_STEP][PASSED] - delay(3): Delayed 3 second(s)

2022-01-28 15:05:53 - [MESSAGE][PASSED] - Delayed 3 second(s)

2022-01-28 15:05:53 - [TEST_STEP][PASSED] - verifyElementText(findTestObject("Keranjang/h3_Best Seller"), "Best Seller"): Actual text and expected text of test object 'Object Repository/Keranjang/h3_Best Seller' are matched.

2022-01-28 15:05:53 - [MESSAGE][PASSED] - Actual text and expected text of test object 'Object Repository/Keranjang/h3_Best Seller' are matched.

2022-01-28 15:05:53 - [TEST_STEP][PASSED] - scrollToElement(findTestObject("Keranjang/h3_Best Seller"), 0): Scroll to object 'Object Repository/Keranjang/h3_Best Seller' successfully

2022-01-28 15:05:53 - [MESSAGE][WARNING] - Timeout '0' is invalid. Using default page load timeout: '30'

2022-01-28 15:05:53 - [MESSAGE][PASSED] - Scroll to object 'Object Repository/Keranjang/h3_Best Seller' successfully

2022-01-28 15:05:53 - [TEST_STEP][PASSED] - delay(3): Delayed 3 second(s)

2022-01-28 15:05:56 - [MESSAGE][PASSED] - Delayed 3 second(s)

2022-01-28 15:05:56 - [TEST_STEP][PASSED] - verifyElementText(findTestObject("Keranjang/h3_Populer Saat Ini"), "Populer Saat Ini"): Actual text and expected text of test object 'Object Repository/Keranjang/h3_Populer Saat Ini' are matched.

2022-01-28 15:05:57 - [MESSAGE][PASSED] - Actual text and expected text of test object 'Object Repository/Keranjang/h3_Populer Saat Ini' are matched.

2022-01-28 15:05:57 - [TEST_STEP][PASSED] - scrollToElement(findTestObject("Keranjang/h3_Populer Saat Ini"), 0): Scroll to object 'Object Repository/Keranjang/h3_Populer Saat Ini' successfully

2022-01-28 15:05:57 - [MESSAGE][WARNING] - Timeout '0' is invalid. Using default page load timeout: '30'

2022-01-28 15:05:57 - [MESSAGE][PASSED] - Scroll to object 'Object Repository/Keranjang/h3_Populer Saat Ini' successfully

2022-01-28 15:05:57 - [TEST_STEP][PASSED] - delay(3): Delayed 3 second(s)

2022-01-28 15:06:00 - [MESSAGE][PASSED] - Delayed 3 second(s)

2022-01-28 15:06:00 - [TEST_STEP][PASSED] - verifyElementText(findTestObject("Keranjang/h3_Kartu Prakerja"), "Kartu Prakerja"): Actual text and expected text of test object 'Object Repository/Keranjang/h3_Kartu Prakerja' are matched.

2022-01-28 15:06:00 - [MESSAGE][PASSED] - Actual text and expected text of test object 'Object Repository/Keranjang/h3_Kartu Prakerja' are matched.

2022-01-28 15:06:00 - [TEST_STEP][PASSED] - scrollToElement(findTestObject("Keranjang/h3_Kartu Prakerja"), 0): Scroll to object 'Object Repository/Keranjang/h3_Kartu Prakerja' successfully

2022-01-28 15:06:00 - [MESSAGE][WARNING] - Timeout '0' is invalid. Using default page load timeout: '30'

2022-01-28 15:06:00 - [MESSAGE][PASSED] - Scroll to object 'Object Repository/Keranjang/h3_Kartu Prakerja' successfully

2022-01-28 15:06:00 - [TEST_STEP][PASSED] - delay(3): Delayed 3 second(s)

2022-01-28 15:06:03 - [MESSAGE][PASSED] - Delayed 3 second(s)

2022-01-28 15:06:03 - [TEST_STEP][PASSED] - focus(findTestObject("Keranjang/div_Eksis di Google dengan Google My BusinessLEAP")): Object: 'Object Repository/Keranjang/div_Eksis di Google dengan Google My BusinessLEAP' is focused

2022-01-28 15:06:04 - [MESSAGE][PASSED] - Object: 'Object Repository/Keranjang/div_Eksis di Google dengan Google My BusinessLEAP' is focused

2022-01-28 15:06:04 - [TEST_STEP][PASSED] - click(findTestObject("Keranjang/div_Eksis di Google dengan Google My BusinessLEAP")): Object: 'Object Repository/Keranjang/div_Eksis di Google dengan Google My BusinessLEAP' is clicked on

2022-01-28 15:06:04 - [MESSAGE][PASSED] - Object: 'Object Repository/Keranjang/div_Eksis di Google dengan Google My BusinessLEAP' is clicked on

2022-01-28 15:06:04 - [TEST_STEP][PASSED] - click(findTestObject("Keranjang/button_Keranjang")): Object: 'Object Repository/Keranjang/button_Keranjang' is clicked on

2022-01-28 15:06:06 - [MESSAGE][PASSED] - Object: 'Object Repository/Keranjang/button_Keranjang' is clicked on

2022-01-28 15:06:06 - [TEST_STEP][PASSED] - click(findTestObject("Keranjang/Page_Pijar Mahir/button_Lihat Keranjang")): Object: 'Object Repository/Keranjang/Page_Pijar Mahir/button_Lihat Keranjang' is clicked on

2022-01-28 15:06:07 - [MESSAGE][PASSED] - Object: 'Object Repository/Keranjang/Page_Pijar Mahir/button_Lihat Keranjang' is clicked on

2022-01-28 15:06:07 - [TEST_STEP][PASSED] - delay(3): Delayed 3 second(s)

2022-01-28 15:06:10 - [MESSAGE][PASSED] - Delayed 3 second(s)

2022-01-28 15:06:10 - [TEST_STEP][PASSED] - click(findTestObject("Keranjang/Page_Pijar Mahir/button_Pindahkan ke Wishlist")): Object: 'Object Repository/Keranjang/Page_Pijar Mahir/button_Pindahkan ke Wishlist' is clicked on

2022-01-28 15:06:11 - [MESSAGE][PASSED] - Object: 'Object Repository/Keranjang/Page_Pijar Mahir/button_Pindahkan ke Wishlist' is clicked on]]></system-out>
         <system-err><![CDATA[]]></system-err>
      </testcase>
      <testcase name="Test Cases/User/Wishlist/Pastikan User Dapat Menghapus Wishlist" time="19.443" classname="Test Cases/User/Wishlist/Pastikan User Dapat Menghapus Wishlist" status="PASSED">
         <system-out><![CDATA[2022-01-28 15:06:11 - [TEST_CASE][PASSED] - Test Cases/User/Wishlist/Pastikan User Dapat Menghapus Wishlist: Test Cases/User/Wishlist/Pastikan User Dapat Menghapus Wishlist

2022-01-28 15:06:11 - [TEST_STEP][PASSED] - callTestCase(findTestCase("User/Wishlist/Pastikan User Dapat Mengakses Wishlist"), [:], STOP_ON_FAILURE): Call Test Case 'Test Cases/User/Wishlist/Pastikan User Dapat Mengakses Wishlist' successfully

2022-01-28 15:06:11 - [TEST_CASE][PASSED] - Test Cases/User/Wishlist/Pastikan User Dapat Mengakses Wishlist: Test Cases/User/Wishlist/Pastikan User Dapat Mengakses Wishlist

2022-01-28 15:06:11 - [TEST_STEP][PASSED] - callTestCase(findTestCase("User/Login/Positive Case/Pastikan User dapat melakukan Login"), ["username":"fitrianisa@yopmail.com", "password":"123Abcde"], STOP_ON_FAILURE): Call Test Case 'Test Cases/User/Login/Positive Case/Pastikan User dapat melakukan Login' successfully

2022-01-28 15:06:11 - [TEST_CASE][PASSED] - Test Cases/User/Login/Positive Case/Pastikan User dapat melakukan Login: Test Cases/User/Login/Positive Case/Pastikan User dapat melakukan Login

2022-01-28 15:06:11 - [TEST_STEP][PASSED] - callTestCase(findTestCase("CustomKeyword/Open Browser"), [:], STOP_ON_FAILURE): Call Test Case 'Test Cases/CustomKeyword/Open Browser' successfully

2022-01-28 15:06:12 - [TEST_CASE][PASSED] - Test Cases/CustomKeyword/Open Browser: Test Cases/CustomKeyword/Open Browser

2022-01-28 15:06:12 - [TEST_STEP][PASSED] - openBrowser(""): Browser is opened with url: ''

2022-01-28 15:06:12 - [MESSAGE][WARNING] - A browser is already opened. Closing browser and opening a new one

2022-01-28 15:06:12 - [MESSAGE][INFO] - Starting 'Chrome' driver

2022-01-28 15:06:12 - [MESSAGE][INFO] - Action delay is set to 0 milliseconds

2022-01-28 15:06:13 - [MESSAGE][PASSED] - Browser is opened with url: ''

2022-01-28 15:06:13 - [TEST_STEP][PASSED] - maximizeWindow(): Current window maximized

2022-01-28 15:06:13 - [MESSAGE][PASSED] - Current window maximized

2022-01-28 15:06:13 - [MESSAGE][PASSED] - Call Test Case 'Test Cases/CustomKeyword/Open Browser' successfully

2022-01-28 15:06:13 - [TEST_STEP][PASSED] - callTestCase(findTestCase("CustomKeyword/Negative to URL"), [:], STOP_ON_FAILURE): Call Test Case 'Test Cases/CustomKeyword/Negative to URL' successfully

2022-01-28 15:06:13 - [TEST_CASE][PASSED] - Test Cases/CustomKeyword/Negative to URL: Test Cases/CustomKeyword/Negative to URL

2022-01-28 15:06:13 - [TEST_STEP][PASSED] - navigateToUrl(BASE_URL): Navigate to 'https://dev2.pijarmahir.id' successfully

2022-01-28 15:06:19 - [MESSAGE][PASSED] - Navigate to 'https://dev2.pijarmahir.id' successfully

2022-01-28 15:06:19 - [MESSAGE][PASSED] - Call Test Case 'Test Cases/CustomKeyword/Negative to URL' successfully

2022-01-28 15:06:19 - [TEST_STEP][PASSED] - click(findTestObject("Login/button__z-2 absolute right-0 top-0 bg-white w-10 h-10 flex rounded-full justify-center items-center border-black-300 border-2.5")): Object: 'Object Repository/Login/button__z-2 absolute right-0 top-0 bg-white w-10 h-10 flex rounded-full justify-center items-center border-black-300 border-2.5' is clicked on

2022-01-28 15:06:20 - [MESSAGE][PASSED] - Object: 'Object Repository/Login/button__z-2 absolute right-0 top-0 bg-white w-10 h-10 flex rounded-full justify-center items-center border-black-300 border-2.5' is clicked on

2022-01-28 15:06:20 - [TEST_STEP][PASSED] - click(findTestObject("Login/Page_Pijar Mahir/button_Masuk")): Object: 'Object Repository/Login/Page_Pijar Mahir/button_Masuk' is clicked on

2022-01-28 15:06:21 - [MESSAGE][PASSED] - Object: 'Object Repository/Login/Page_Pijar Mahir/button_Masuk' is clicked on

2022-01-28 15:06:21 - [TEST_STEP][PASSED] - setText(findTestObject("Login/input_Email_email"), username): Text 'fitrianisa@yopmail.com' is set on object 'Object Repository/Login/input_Email_email'

2022-01-28 15:06:22 - [MESSAGE][PASSED] - Text 'fitrianisa@yopmail.com' is set on object 'Object Repository/Login/input_Email_email'

2022-01-28 15:06:22 - [TEST_STEP][PASSED] - setText(findTestObject("Login/input_Password_password"), password): Text '123Abcde' is set on object 'Object Repository/Login/input_Password_password'

2022-01-28 15:06:23 - [MESSAGE][PASSED] - Text '123Abcde' is set on object 'Object Repository/Login/input_Password_password'

2022-01-28 15:06:23 - [TEST_STEP][PASSED] - click(findTestObject("Login/button_Masuk")): Object: 'Object Repository/Login/button_Masuk' is clicked on

2022-01-28 15:06:23 - [MESSAGE][PASSED] - Object: 'Object Repository/Login/button_Masuk' is clicked on

2022-01-28 15:06:23 - [MESSAGE][PASSED] - Call Test Case 'Test Cases/User/Login/Positive Case/Pastikan User dapat melakukan Login' successfully

2022-01-28 15:06:23 - [TEST_STEP][PASSED] - focus(findTestObject("Top Bar/Page_Pijar Mahir/button_profile")): Object: 'Object Repository/Top Bar/Page_Pijar Mahir/button_profile' is focused

2022-01-28 15:06:27 - [MESSAGE][PASSED] - Object: 'Object Repository/Top Bar/Page_Pijar Mahir/button_profile' is focused

2022-01-28 15:06:27 - [TEST_STEP][PASSED] - click(findTestObject("Top Bar/Page_Pijar Mahir/span_Wishlist Saya")): Object: 'Object Repository/Top Bar/Page_Pijar Mahir/span_Wishlist Saya' is clicked on

2022-01-28 15:06:28 - [MESSAGE][PASSED] - Object: 'Object Repository/Top Bar/Page_Pijar Mahir/span_Wishlist Saya' is clicked on

2022-01-28 15:06:28 - [TEST_STEP][PASSED] - verifyElementText(findTestObject("Wishlist/Page_Pijar Mahir - Wishlist/h1_Wishlist Saya"), "Wishlist Saya"): Actual text and expected text of test object 'Object Repository/Wishlist/Page_Pijar Mahir - Wishlist/h1_Wishlist Saya' are matched.

2022-01-28 15:06:29 - [MESSAGE][PASSED] - Actual text and expected text of test object 'Object Repository/Wishlist/Page_Pijar Mahir - Wishlist/h1_Wishlist Saya' are matched.

2022-01-28 15:06:29 - [MESSAGE][PASSED] - Call Test Case 'Test Cases/User/Wishlist/Pastikan User Dapat Mengakses Wishlist' successfully

2022-01-28 15:06:29 - [TEST_STEP][PASSED] - click(findTestObject("Wishlist/Page_Pijar Mahir - Wishlist/btn_hapus_wishlist")): Object: 'Object Repository/Wishlist/Page_Pijar Mahir - Wishlist/btn_hapus_wishlist' is clicked on

2022-01-28 15:06:29 - [MESSAGE][PASSED] - Object: 'Object Repository/Wishlist/Page_Pijar Mahir - Wishlist/btn_hapus_wishlist' is clicked on

2022-01-28 15:06:29 - [TEST_STEP][PASSED] - verifyElementText(findTestObject("Wishlist/Page_Pijar Mahir - Wishlist/p_Kamu yakin mau hapus kursus ini"), "Kamu yakin mau hapus kursus ini?"): Actual text and expected text of test object 'Object Repository/Wishlist/Page_Pijar Mahir - Wishlist/p_Kamu yakin mau hapus kursus ini' are matched.

2022-01-28 15:06:30 - [MESSAGE][PASSED] - Actual text and expected text of test object 'Object Repository/Wishlist/Page_Pijar Mahir - Wishlist/p_Kamu yakin mau hapus kursus ini' are matched.

2022-01-28 15:06:30 - [TEST_STEP][PASSED] - click(findTestObject("Wishlist/Page_Pijar Mahir - Wishlist/button_Hapus")): Object: 'Object Repository/Wishlist/Page_Pijar Mahir - Wishlist/button_Hapus' is clicked on

2022-01-28 15:06:30 - [MESSAGE][PASSED] - Object: 'Object Repository/Wishlist/Page_Pijar Mahir - Wishlist/button_Hapus' is clicked on]]></system-out>
         <system-err><![CDATA[]]></system-err>
      </testcase>
      <system-out><![CDATA[2022-01-28 15:04:11 - [TEST_SUITE][PASSED] - Pastikan User Dapat Mengakses Keranjang: Test Cases/User/Wishlist/Pastikan User Dapat Menghapus Wishlist]]></system-out>
      <system-err><![CDATA[]]></system-err>
   </testsuite>
</testsuites>
